Log file open, 03/20/15 18:30:56
LogInit:Display: Running engine for game: try_2
LogInit: Version: 4.7.3-2479750+++depot+UE4-Releases+4.7
LogInit: API Version: 2455222
LogInit: Compiled (64-bit): Mar 15 2015 23:20:45
LogInit: Compiled with Visual C++: 18.00.21005.01
LogInit: Build Configuration: Development
LogInit: Branch Name: ++depot+UE4-Releases+4.7
LogInit: Command line: 
LogInit: Base directory: C:/Program Files/Epic Games/4.7/Engine/Binaries/Win64/
LogInit: Rocket: 1
[2015.03.20-18.30.56:199][  0]LogTaskGraph: Started task graph with 3 named threads and 6 total threads.
[2015.03.20-18.30.56:261][  0]LogOnline:Warning: No default platform service specified for OnlineSubsystem
[2015.03.20-18.30.56:281][  0]LogInit: Presizing for 0 objects not considered by GC, pre-allocating 0 bytes.
[2015.03.20-18.30.56:293][  0]LogInit: Object subsystem initialized
[2015.03.20-18.30.56:295][  0]LogConsoleResponse:Warning: Skipping Unknown console variable: 'TranslucentSortAxis = (X=0.000000,Y=-1.000000,Z=0.000000)'
[2015.03.20-18.30.56:295][  0]LogConsoleResponse:Warning:   Found in ini file 'C:/Users/Alan/Documents/GitHub/GameJam/try_2/Saved/Config/Windows/Engine.ini', in section '[/Script/Engine.RendererSettings]'
[2015.03.20-18.30.56:295][  0]LogConsoleResponse:Warning: Skipping Unknown console variable: 'UIScaleRule = ShortestSide'
[2015.03.20-18.30.56:295][  0]LogConsoleResponse:Warning:   Found in ini file 'C:/Users/Alan/Documents/GitHub/GameJam/try_2/Saved/Config/Windows/Engine.ini', in section '[/Script/Engine.RendererSettings]'
[2015.03.20-18.30.56:295][  0]LogConsoleResponse:Warning: Skipping Unknown console variable: 'UIScaleCurve = (EditorCurveData=(Keys=),ExternalCurve=None)'
[2015.03.20-18.30.56:295][  0]LogConsoleResponse:Warning:   Found in ini file 'C:/Users/Alan/Documents/GitHub/GameJam/try_2/Saved/Config/Windows/Engine.ini', in section '[/Script/Engine.RendererSettings]'
[2015.03.20-18.30.56:295][  0]LogInit: Selected Device Profile: [Windows]
[2015.03.20-18.30.56:295][  0]LogInit: Applying CVar settings loaded from the selected device profile: [Windows]
[2015.03.20-18.30.56:303][  0]LogInit: Computer: LENOVO-PC
[2015.03.20-18.30.56:303][  0]LogInit: User: Alan
[2015.03.20-18.30.56:303][  0]LogInit: CPU Page size=4096, Cores=4
[2015.03.20-18.30.56:303][  0]LogInit: High frequency timer resolution =2.435779 MHz
[2015.03.20-18.30.56:303][  0]LogMemory: Memory total: Physical=11.9GB (12GB approx) Virtual=131072.0GB
[2015.03.20-18.30.56:303][  0]LogMemory: Platform Memory Stats for Windows
[2015.03.20-18.30.56:303][  0]LogMemory: Process Physical Memory: 45.91 MB used, 45.91 MB peak
[2015.03.20-18.30.56:303][  0]LogMemory: Process Virtual Memory: 22.38 MB used, 22.38 MB peak
[2015.03.20-18.30.56:303][  0]LogMemory: Physical Memory: 6670.32 MB used, 12200.27 MB total
[2015.03.20-18.30.56:303][  0]LogMemory: Virtual Memory: 288.70 MB used, 134217728.00 MB total
[2015.03.20-18.30.56:343][  0]LogD3D11RHI: Found D3D11 adapter 0: NVIDIA GeForce GTX 860M   (Feature Level 11_0)
[2015.03.20-18.30.56:343][  0]LogD3D11RHI: Adapter has 1972MB of dedicated video memory, 0MB of dedicated system memory, and 2048MB of shared system memory, 1 output[s]
[2015.03.20-18.30.56:349][  0]LogD3D11RHI: Found D3D11 adapter 1: Intel(R) HD Graphics 4600 (Feature Level 11_0)
[2015.03.20-18.30.56:349][  0]LogD3D11RHI: Adapter has 0MB of dedicated video memory, 0MB of dedicated system memory, and 1792MB of shared system memory, 0 output[s]
[2015.03.20-18.30.56:351][  0]LogD3D11RHI: Found D3D11 adapter 2: Microsoft Basic Render Driver (Feature Level 11_0)
[2015.03.20-18.30.56:351][  0]LogD3D11RHI: Adapter has 0MB of dedicated video memory, 0MB of dedicated system memory, and 256MB of shared system memory, 0 output[s]
[2015.03.20-18.30.56:351][  0]LogD3D11RHI: Chosen D3D11 Adapter Id = 0
[2015.03.20-18.30.56:360][  0]LogRHI: Texture pool is 1361 MB (70% of 1945 MB)
[2015.03.20-18.30.56:371][  0]LogD3D11RHI: Async texture creation enabled
[2015.03.20-18.30.56:438][  0]LogTextLocalizationManager: The requested culture ('en_GB') has no localization data; parent culture's ('en') localization data will be used.
[2015.03.20-18.30.56:511][  0]LogTextLocalizationManager:Warning: Loading localization resources contain conflicting entries for (Namespace:UICommands, Key:Save_ToolTip):
Resource: (C:/Program Files/Epic Games/4.7/Engine/Content/Localization/Editor/en/Editor.locres) Hash: (-29098895) String: (Saves the current level to disk)
Resource: (C:/Program Files/Epic Games/4.7/Engine/Content/Localization/Engine/en/Engine.locres) Hash: (-1280300587) String: (Save selected data to vlog file)
[2015.03.20-18.30.56:511][  0]LogTextLocalizationManager:Warning: Loading localization resources contain conflicting entries for (Namespace:ContentBrowser, Key:ImportAssetToolTip):
Resource: (C:/Program Files/Epic Games/4.7/Engine/Content/Localization/Editor/en/Editor.locres) Hash: (-630476809) String: (Import to {0}...)
Resource: (C:/Program Files/Epic Games/4.7/Engine/Content/Localization/Editor/en/Editor.locres) Hash: (1271782899) String: (Imports an asset from file to this folder.)
[2015.03.20-18.30.56:604][  0]LogContentStreaming: Texture pool size is 0.000000MB
[2015.03.20-18.30.59:537][  0]LogTargetPlatformManager:Display: Building Assets For Windows
[2015.03.20-18.31.00:316][  0]LogTargetPlatformManager:Display: Building Assets For Windows
[2015.03.20-18.31.00:402][  0]LogDerivedDataCache:Display: Max Cache Size: 512 MB
[2015.03.20-18.31.00:454][  0]LogDerivedDataCache: Loaded boot cache 0.05s 39MB C:/Users/Alan/AppData/Local/UnrealEngine/4.7/DerivedDataCache/Boot.ddc.
[2015.03.20-18.31.00:454][  0]LogDerivedDataCache:Display: Loaded Boot cache: C:/Users/Alan/AppData/Local/UnrealEngine/4.7/DerivedDataCache/Boot.ddc
[2015.03.20-18.31.00:454][  0]LogDerivedDataCache: FDerivedDataBackendGraph:  Pak pak cache file ../../../../../../Users/Alan/Documents/GitHub/GameJam/try_2/DerivedDataCache/DDC.ddp not found, will not use a pak cache.
[2015.03.20-18.31.00:454][  0]LogDerivedDataCache: Unable to find inner node Pak for hierarchical cache Hierarchy.
[2015.03.20-18.31.00:600][  0]LogDerivedDataCache:Display: Pak cache opened for reading ../../../Engine/DerivedDataCache/Compressed.ddp.
[2015.03.20-18.31.00:616][  0]LogDerivedDataCache: Using Local data cache path C:/Users/Alan/AppData/Local/UnrealEngine/Common/DerivedDataCache: Writable
[2015.03.20-18.31.00:987][  0]LogMeshUtilities: No automatic mesh reduction module available
[2015.03.20-18.31.00:987][  0]LogMeshUtilities: No automatic mesh merging module available
[2015.03.20-18.31.01:504][  0]LogInit: WinSock: version 1.1 (2.2), MaxSocks=32767, MaxUdp=65467
[2015.03.20-18.31.01:620][  0]LogSlate:Warning: Failed to load font data from '../../../Engine/Content/Slate/Fonts/Roboto-Italic.ttf'
[2015.03.20-18.31.02:777][  0]UdpMessaging: Initializing bridge on interface 0.0.0.0:0 to multicast group 230.0.0.1:6666.
[2015.03.20-18.31.03:068][  0]SourceControl: Info Source control is disabled
[2015.03.20-18.31.03:068][  0]SourceControl: Info Source control is disabled
[2015.03.20-18.31.03:068][  0]SourceControl: Info Source control is disabled
[2015.03.20-18.31.03:068][  0]LogSourceControl: RunCommandInternalRaw: 'git version'
[2015.03.20-18.31.03:068][  0]LogSourceControl: RunCommandInternalRaw: ExecProcess ReturnCode=2 OutResults=''
[2015.03.20-18.31.03:082][  0]SourceControl: Info Source control is disabled
[2015.03.20-18.31.03:362][  0]LogObj: 24231 objects as part of root set at end of initial load.
[2015.03.20-18.31.03:362][  0]LogUObjectAllocator: 5136440 out of 0 bytes used by permanent object pool.
[2015.03.20-18.31.03:461][  0]LogEngine: Initializing Engine...
[2015.03.20-18.31.05:668][  0]LogInit: XAudio2 using 'Speakers (Realtek High Definition Audio)' : 2 channels at 48 kHz using 32 bits per sample (channel mask 0x3)
[2015.03.20-18.31.05:678][  0]LogInit: FAudioDevice initialized.
[2015.03.20-18.31.05:730][  0]LogAIModule: Creating AISystem for world NewWorld
[2015.03.20-18.31.05:754][  0]LogDerivedDataCache: Saved boot cache 0.02s 39MB C:/Users/Alan/AppData/Local/UnrealEngine/4.7/DerivedDataCache/Boot.ddc.
[2015.03.20-18.31.05:757][  0]LogInit: Texture streaming: Enabled
[2015.03.20-18.31.05:878][  0]LogAnalytics: Creating configured Analytics provider AnalyticsET
[2015.03.20-18.31.05:878][  0]LogAnalytics: ET APIKey = Rocket.Release. APIServer = http://et2.epicgames.com/ET2/. AppVersion = 4.7.3-2479750+++depot+UE4-Releases+4.7
[2015.03.20-18.31.05:878][  0]LogAnalytics: ET APIKey = Rocket.Release. DataRouterUploadURL = https://datarouter-public-service-gamedev.ol.epicgames.net/datarouter/api/v1/public/data. AppVersion = 4.7.3-2479750+++depot+UE4-Releases+4.7
[2015.03.20-18.31.05:878][  0]LogAnalytics: SetUserId bf983d414061faadd9b540bc65654c89|cd1d82d73781485ab50acc24dc629692|7e7e8939-47f7-4fa5-92a0-b7ded3b067c9
[2015.03.20-18.31.05:879][  0]LogAnalytics: AnalyticsET::StartSession [Rocket.Release]
[2015.03.20-18.31.05:911][  0]LogInit: Transaction tracking system initialized
[2015.03.20-18.31.06:162][  0]BlueprintLog: New page: Editor Load
[2015.03.20-18.31.06:207][  0]LogAssetRegistry: FAssetRegistry took 0.0111 seconds to start up
[2015.03.20-18.31.06:207][  0]LogDirectoryWatcher:Warning: Failed to begin reading directory changes for ../../../Engine/Plugins/Experimental/CharacterAI/Content/. Error: 0
[2015.03.20-18.31.06:950][  0]LogTargetPlatformManager:Display: Building Assets For Windows
[2015.03.20-18.31.07:441][  0]LogTargetPlatformManager:Display: Building Assets For Windows
[2015.03.20-18.31.07:753][  0]LogLinker:Warning: Asset '../../../Engine/Content/Tutorial/Mobile/SettingUpAndroidTutorial.uasset' has been saved with empty engine version. The asset will be loaded but may be incompatible.
[2015.03.20-18.31.07:806][  0]LogSlate:Warning: Failed to load font data from '../../../Engine/Content/Editor/Slate/Fonts/Roboto-Regular.ttf'
[2015.03.20-18.31.07:807][  0]LogSlate:Warning: Failed to load font data from '../../../Engine/Content/Editor/Slate/Fonts/Roboto-Bold.ttf'
[2015.03.20-18.31.07:813][  0]LogConsoleResponse:Display: 
[2015.03.20-18.31.07:987][  0]LogCook:Display: Done creating registry. It took  0.00s.
[2015.03.20-18.31.08:525][  0]SourceControl: Info Source control is disabled
[2015.03.20-18.31.08:525][  0]Cmd: MAP LOAD FILE="../../../../../../Users/Alan/Documents/GitHub/GameJam/try_2/Content/TwinStickBP/Maps/TwinStickExampleMap.umap" TEMPLATE=0 SHOWPROGRESS=1 FEATURELEVEL=3
[2015.03.20-18.31.08:526][  0]LightingResults: New page: Lighting Build
[2015.03.20-18.31.08:545][  0]MapCheck: New page: Map Check
[2015.03.20-18.31.08:545][  0]LightingResults: New page: Lighting Build
[2015.03.20-18.31.08:559][  0]LogParticles: Destroying 0 GPU particle simulations for FXSystem 0x000000F8189CE980
[2015.03.20-18.31.09:240][  0]LogLinker:Warning: Can't find file '/Game/TwinStickBP/Blueprints/TwinStickGameMode'
[2015.03.20-18.31.09:241][  0]LogLinker:Warning: Can't find file for asset '/Game/TwinStickBP/Blueprints/TwinStickGameMode' while loading ../../../../../../Users/Alan/Documents/GitHub/GameJam/try_2/Content/TwinStickBP/Maps/TwinStickExampleMap.umap.
[2015.03.20-18.31.09:241][  0]LoadErrors:Error: Error /Game/TwinStickBP/Maps/TwinStickExampleMap : Can't find file for asset. /Game/TwinStickBP/Blueprints/TwinStickGameMode
[2015.03.20-18.31.09:241][  0]LogLinker:Warning: Can't find file '/Game/TwinStickBP/Blueprints/TwinStickPawn'
[2015.03.20-18.31.09:241][  0]LogLinker:Warning: Can't find file for asset '/Game/TwinStickBP/Blueprints/TwinStickPawn' while loading ../../../../../../Users/Alan/Documents/GitHub/GameJam/try_2/Content/TwinStickBP/Maps/TwinStickExampleMap.umap.
[2015.03.20-18.31.09:241][  0]LoadErrors:Error: Error /Game/TwinStickBP/Maps/TwinStickExampleMap : Can't find file for asset. /Game/TwinStickBP/Blueprints/TwinStickPawn
[2015.03.20-18.31.09:242][  0]LogLinker:Warning: Can't find file '/Game/TwinStickBP/Blueprints/TwinStickPawn'
[2015.03.20-18.31.09:242][  0]LogLinker:Warning: Can't find file for asset '/Game/TwinStickBP/Blueprints/TwinStickPawn' while loading ../../../../../../Users/Alan/Documents/GitHub/GameJam/try_2/Content/TwinStickBP/Maps/TwinStickExampleMap.umap.
[2015.03.20-18.31.09:242][  0]LoadErrors:Error: Error /Game/TwinStickBP/Maps/TwinStickExampleMap : Can't find file for asset. /Game/TwinStickBP/Blueprints/TwinStickPawn
[2015.03.20-18.31.09:257][  0]LogLinker:Warning: Can't find file '/Game/TwinStickBP/Blueprints/TwinStickGameMode'
[2015.03.20-18.31.09:257][  0]LogLinker:Warning: Can't find file for asset '/Game/TwinStickBP/Blueprints/TwinStickGameMode' while loading ../../../../../../Users/Alan/Documents/GitHub/GameJam/try_2/Content/TwinStickBP/Maps/TwinStickExampleMap.umap.
[2015.03.20-18.31.09:257][  0]LoadErrors:Error: Error /Game/TwinStickBP/Maps/TwinStickExampleMap : Can't find file for asset. /Game/TwinStickBP/Blueprints/TwinStickGameMode
[2015.03.20-18.31.09:257][  0]LogLinker:Warning: Can't find file '/Game/TwinStickBP/Blueprints/TwinStickPawn'
[2015.03.20-18.31.09:257][  0]LogLinker:Warning: Can't find file for asset '/Game/TwinStickBP/Blueprints/TwinStickPawn' while loading ../../../../../../Users/Alan/Documents/GitHub/GameJam/try_2/Content/TwinStickBP/Maps/TwinStickExampleMap.umap.
[2015.03.20-18.31.09:257][  0]LoadErrors:Error: Error /Game/TwinStickBP/Maps/TwinStickExampleMap : Can't find file for asset. /Game/TwinStickBP/Blueprints/TwinStickPawn
[2015.03.20-18.31.09:258][  0]LogLinker:Warning: Can't find file '/Game/TwinStickBP/Meshes/CubeMesh'
[2015.03.20-18.31.09:258][  0]LogLinker:Warning: Can't find file for asset '/Game/TwinStickBP/Meshes/CubeMesh' while loading ../../../../../../Users/Alan/Documents/GitHub/GameJam/try_2/Content/TwinStickBP/Maps/TwinStickExampleMap.umap.
[2015.03.20-18.31.09:258][  0]LoadErrors:Error: Error /Game/TwinStickBP/Maps/TwinStickExampleMap : Can't find file for asset. /Game/TwinStickBP/Meshes/CubeMesh
[2015.03.20-18.31.09:258][  0]LogLinker:Warning: Can't find file '/Game/TwinStickBP/Meshes/TemplateCube_Rounded'
[2015.03.20-18.31.09:258][  0]LogLinker:Warning: Can't find file for asset '/Game/TwinStickBP/Meshes/TemplateCube_Rounded' while loading ../../../../../../Users/Alan/Documents/GitHub/GameJam/try_2/Content/TwinStickBP/Maps/TwinStickExampleMap.umap.
[2015.03.20-18.31.09:258][  0]LoadErrors:Error: Error /Game/TwinStickBP/Maps/TwinStickExampleMap : Can't find file for asset. /Game/TwinStickBP/Meshes/TemplateCube_Rounded
[2015.03.20-18.31.09:260][  0]LogLinker:Warning: Can't find file '/Game/TwinStickBP/Blueprints/TwinStickPawn'
[2015.03.20-18.31.09:260][  0]LogLinker:Warning: Can't find file for asset '/Game/TwinStickBP/Blueprints/TwinStickPawn' while loading ../../../../../../Users/Alan/Documents/GitHub/GameJam/try_2/Content/TwinStickBP/Maps/TwinStickExampleMap.umap.
[2015.03.20-18.31.09:260][  0]LoadErrors:Error: Error /Game/TwinStickBP/Maps/TwinStickExampleMap : Can't find file for asset. /Game/TwinStickBP/Blueprints/TwinStickPawn
[2015.03.20-18.31.09:260][  0]LogLinker:Warning: Can't find file '/Game/TwinStickBP/Meshes/CubeMesh'
[2015.03.20-18.31.09:260][  0]LogLinker:Warning: Can't find file for asset '/Game/TwinStickBP/Meshes/CubeMesh' while loading ../../../../../../Users/Alan/Documents/GitHub/GameJam/try_2/Content/TwinStickBP/Maps/TwinStickExampleMap.umap.
[2015.03.20-18.31.09:260][  0]LoadErrors:Error: Error /Game/TwinStickBP/Maps/TwinStickExampleMap : Can't find file for asset. /Game/TwinStickBP/Meshes/CubeMesh
[2015.03.20-18.31.09:261][  0]LogLinker:Warning: Can't find file '/Game/TwinStickBP/Meshes/TemplateCube_Rounded'
[2015.03.20-18.31.09:261][  0]LogLinker:Warning: Can't find file for asset '/Game/TwinStickBP/Meshes/TemplateCube_Rounded' while loading ../../../../../../Users/Alan/Documents/GitHub/GameJam/try_2/Content/TwinStickBP/Maps/TwinStickExampleMap.umap.
[2015.03.20-18.31.09:261][  0]LoadErrors:Error: Error /Game/TwinStickBP/Maps/TwinStickExampleMap : Can't find file for asset. /Game/TwinStickBP/Meshes/TemplateCube_Rounded
[2015.03.20-18.31.09:261][  0]LogLinker:Warning: Can't find file '/Game/TwinStickBP/Blueprints/TwinStickPawn'
[2015.03.20-18.31.09:261][  0]LogLinker:Warning: Can't find file for asset '/Game/TwinStickBP/Blueprints/TwinStickPawn' while loading ../../../../../../Users/Alan/Documents/GitHub/GameJam/try_2/Content/TwinStickBP/Maps/TwinStickExampleMap.umap.
[2015.03.20-18.31.09:261][  0]LoadErrors:Error: Error /Game/TwinStickBP/Maps/TwinStickExampleMap : Can't find file for asset. /Game/TwinStickBP/Blueprints/TwinStickPawn
[2015.03.20-18.31.09:266][  0]LogLinker:Warning: Can't find file '/Game/TwinStickBP/Blueprints/TwinStickPawn'
[2015.03.20-18.31.09:266][  0]LogLinker:Warning: Can't find file for asset '/Game/TwinStickBP/Blueprints/TwinStickPawn' while loading NULL.
[2015.03.20-18.31.09:266][  0]LogLinker:Warning: Can't find file '/Game/TwinStickBP/Blueprints/TwinStickPawn'
[2015.03.20-18.31.09:267][  0]LogLinker:Warning: Can't find file for asset '/Game/TwinStickBP/Blueprints/TwinStickPawn' while loading NULL.
[2015.03.20-18.31.09:267][  0]LogLinker:Warning: CreateExport: Failed to load Outer for resource 'CameraComponent': TwinStickPawn_C /Game/TwinStickBP/Maps/TwinStickExampleMap.TwinStickExampleMap:PersistentLevel.TwinStickPawn_317
[2015.03.20-18.31.09:271][  0]LogLinker:Warning: Can't find file '/Game/TwinStickBP/Blueprints/TwinStickPawn'
[2015.03.20-18.31.09:271][  0]LogLinker:Warning: Can't find file for asset '/Game/TwinStickBP/Blueprints/TwinStickPawn' while loading NULL.
[2015.03.20-18.31.09:271][  0]LogLinker:Warning: Can't find file '/Game/TwinStickBP/Blueprints/TwinStickPawn'
[2015.03.20-18.31.09:271][  0]LogLinker:Warning: Can't find file for asset '/Game/TwinStickBP/Blueprints/TwinStickPawn' while loading NULL.
[2015.03.20-18.31.09:271][  0]LogLinker:Warning: CreateExport: Failed to load Outer for resource 'CameraBoom': TwinStickPawn_C /Game/TwinStickBP/Maps/TwinStickExampleMap.TwinStickExampleMap:PersistentLevel.TwinStickPawn_317
[2015.03.20-18.31.09:273][  0]LogLinker:Warning: Can't find file '/Game/TwinStickBP/Blueprints/TwinStickPawn'
[2015.03.20-18.31.09:274][  0]LogLinker:Warning: Can't find file for asset '/Game/TwinStickBP/Blueprints/TwinStickPawn' while loading NULL.
[2015.03.20-18.31.09:274][  0]LogLinker:Warning: Can't find file '/Game/TwinStickBP/Blueprints/TwinStickPawn'
[2015.03.20-18.31.09:274][  0]LogLinker:Warning: Can't find file for asset '/Game/TwinStickBP/Blueprints/TwinStickPawn' while loading NULL.
[2015.03.20-18.31.09:274][  0]LogLinker:Warning: CreateExport: Failed to load Outer for resource 'ShipMeshComponent': TwinStickPawn_C /Game/TwinStickBP/Maps/TwinStickExampleMap.TwinStickExampleMap:PersistentLevel.TwinStickPawn_317
[2015.03.20-18.31.09:275][  0]LogLinker:Warning: Can't find file '/Game/TwinStickBP/Blueprints/TwinStickPawn'
[2015.03.20-18.31.09:275][  0]LogLinker:Warning: Can't find file for asset '/Game/TwinStickBP/Blueprints/TwinStickPawn' while loading NULL.
[2015.03.20-18.31.09:275][  0]LogLinker:Warning: Can't find file '/Game/TwinStickBP/Blueprints/TwinStickPawn'
[2015.03.20-18.31.09:275][  0]LogLinker:Warning: Can't find file for asset '/Game/TwinStickBP/Blueprints/TwinStickPawn' while loading NULL.
[2015.03.20-18.31.09:278][  0]LogLinker:Warning: Can't find file '/Game/TwinStickBP/Blueprints/TwinStickPawn'
[2015.03.20-18.31.09:278][  0]LogLinker:Warning: Can't find file for asset '/Game/TwinStickBP/Blueprints/TwinStickPawn' while loading NULL.
[2015.03.20-18.31.09:278][  0]LogLinker:Warning: Can't find file '/Game/TwinStickBP/Blueprints/TwinStickPawn'
[2015.03.20-18.31.09:278][  0]LoadErrors: Info Failed to load /Game/TwinStickBP/Blueprints/TwinStickPawn.TwinStickPawn_C Referenced by PersistentLevel
[2015.03.20-18.31.09:279][  0]LogLinker:Warning: Can't find file for asset '/Game/TwinStickBP/Blueprints/TwinStickPawn' while loading NULL.
[2015.03.20-18.31.09:279][  0]LoadErrors: Info Failed to load /Game/TwinStickBP/Blueprints/TwinStickPawn.TwinStickPawn_C Referenced by PersistentLevel
[2015.03.20-18.31.09:281][  0]LogLinker:Warning: Can't find file '/Game/TwinStickBP/Meshes/CubeMesh'
[2015.03.20-18.31.09:281][  0]LoadErrors: Info Failed to load /Game/TwinStickBP/Meshes/CubeMesh.CubeMesh Referenced by StaticMeshComponent0
[2015.03.20-18.31.09:281][  0]LogLinker:Warning: Can't find file for asset '/Game/TwinStickBP/Meshes/CubeMesh' while loading NULL.
[2015.03.20-18.31.09:281][  0]LoadErrors: Info Failed to load /Game/TwinStickBP/Meshes/CubeMesh.CubeMesh Referenced by StaticMeshComponent0
[2015.03.20-18.31.09:282][  0]LogLinker:Warning: Can't find file '/Game/TwinStickBP/Meshes/TemplateCube_Rounded'
[2015.03.20-18.31.09:282][  0]LoadErrors: Info Failed to load /Game/TwinStickBP/Meshes/TemplateCube_Rounded.TemplateCube_Rounded Referenced by StaticMeshComponent0
[2015.03.20-18.31.09:282][  0]LogLinker:Warning: Can't find file for asset '/Game/TwinStickBP/Meshes/TemplateCube_Rounded' while loading NULL.
[2015.03.20-18.31.09:282][  0]LoadErrors: Info Failed to load /Game/TwinStickBP/Meshes/TemplateCube_Rounded.TemplateCube_Rounded Referenced by StaticMeshComponent0
[2015.03.20-18.31.09:282][  0]LogLinker:Warning: Can't find file '/Game/TwinStickBP/Meshes/TemplateCube_Rounded'
[2015.03.20-18.31.09:282][  0]LoadErrors: Info Failed to load /Game/TwinStickBP/Meshes/TemplateCube_Rounded.TemplateCube_Rounded Referenced by StaticMeshComponent0
[2015.03.20-18.31.09:283][  0]LogLinker:Warning: Can't find file for asset '/Game/TwinStickBP/Meshes/TemplateCube_Rounded' while loading NULL.
[2015.03.20-18.31.09:283][  0]LoadErrors: Info Failed to load /Game/TwinStickBP/Meshes/TemplateCube_Rounded.TemplateCube_Rounded Referenced by StaticMeshComponent0
[2015.03.20-18.31.09:283][  0]LogLinker:Warning: Can't find file '/Game/TwinStickBP/Meshes/TemplateCube_Rounded'
[2015.03.20-18.31.09:283][  0]LoadErrors: Info Failed to load /Game/TwinStickBP/Meshes/TemplateCube_Rounded.TemplateCube_Rounded Referenced by StaticMeshComponent0
[2015.03.20-18.31.09:283][  0]LogLinker:Warning: Can't find file for asset '/Game/TwinStickBP/Meshes/TemplateCube_Rounded' while loading NULL.
[2015.03.20-18.31.09:283][  0]LoadErrors: Info Failed to load /Game/TwinStickBP/Meshes/TemplateCube_Rounded.TemplateCube_Rounded Referenced by StaticMeshComponent0
[2015.03.20-18.31.09:284][  0]LogLinker:Warning: Can't find file '/Game/TwinStickBP/Meshes/TemplateCube_Rounded'
[2015.03.20-18.31.09:284][  0]LoadErrors: Info Failed to load /Game/TwinStickBP/Meshes/TemplateCube_Rounded.TemplateCube_Rounded Referenced by StaticMeshComponent0
[2015.03.20-18.31.09:284][  0]LogLinker:Warning: Can't find file for asset '/Game/TwinStickBP/Meshes/TemplateCube_Rounded' while loading NULL.
[2015.03.20-18.31.09:284][  0]LoadErrors: Info Failed to load /Game/TwinStickBP/Meshes/TemplateCube_Rounded.TemplateCube_Rounded Referenced by StaticMeshComponent0
[2015.03.20-18.31.09:284][  0]LogLinker:Warning: Can't find file '/Game/TwinStickBP/Meshes/TemplateCube_Rounded'
[2015.03.20-18.31.09:284][  0]LoadErrors: Info Failed to load /Game/TwinStickBP/Meshes/TemplateCube_Rounded.TemplateCube_Rounded Referenced by StaticMeshComponent0
[2015.03.20-18.31.09:285][  0]LogLinker:Warning: Can't find file for asset '/Game/TwinStickBP/Meshes/TemplateCube_Rounded' while loading NULL.
[2015.03.20-18.31.09:285][  0]LoadErrors: Info Failed to load /Game/TwinStickBP/Meshes/TemplateCube_Rounded.TemplateCube_Rounded Referenced by StaticMeshComponent0
[2015.03.20-18.31.09:285][  0]LogLinker:Warning: Can't find file '/Game/TwinStickBP/Meshes/TemplateCube_Rounded'
[2015.03.20-18.31.09:285][  0]LoadErrors: Info Failed to load /Game/TwinStickBP/Meshes/TemplateCube_Rounded.TemplateCube_Rounded Referenced by StaticMeshComponent0
[2015.03.20-18.31.09:285][  0]LogLinker:Warning: Can't find file for asset '/Game/TwinStickBP/Meshes/TemplateCube_Rounded' while loading NULL.
[2015.03.20-18.31.09:285][  0]LoadErrors: Info Failed to load /Game/TwinStickBP/Meshes/TemplateCube_Rounded.TemplateCube_Rounded Referenced by StaticMeshComponent0
[2015.03.20-18.31.09:286][  0]LogLinker:Warning: Can't find file '/Game/TwinStickBP/Meshes/TemplateCube_Rounded'
[2015.03.20-18.31.09:286][  0]LoadErrors: Info Failed to load /Game/TwinStickBP/Meshes/TemplateCube_Rounded.TemplateCube_Rounded Referenced by StaticMeshComponent0
[2015.03.20-18.31.09:286][  0]LogLinker:Warning: Can't find file for asset '/Game/TwinStickBP/Meshes/TemplateCube_Rounded' while loading NULL.
[2015.03.20-18.31.09:286][  0]LoadErrors: Info Failed to load /Game/TwinStickBP/Meshes/TemplateCube_Rounded.TemplateCube_Rounded Referenced by StaticMeshComponent0
[2015.03.20-18.31.09:286][  0]LogLinker:Warning: Can't find file '/Game/TwinStickBP/Meshes/TemplateCube_Rounded'
[2015.03.20-18.31.09:286][  0]LoadErrors: Info Failed to load /Game/TwinStickBP/Meshes/TemplateCube_Rounded.TemplateCube_Rounded Referenced by StaticMeshComponent0
[2015.03.20-18.31.09:286][  0]LogLinker:Warning: Can't find file for asset '/Game/TwinStickBP/Meshes/TemplateCube_Rounded' while loading NULL.
[2015.03.20-18.31.09:287][  0]LoadErrors: Info Failed to load /Game/TwinStickBP/Meshes/TemplateCube_Rounded.TemplateCube_Rounded Referenced by StaticMeshComponent0
[2015.03.20-18.31.09:287][  0]LogLinker:Warning: Can't find file '/Game/TwinStickBP/Meshes/TemplateCube_Rounded'
[2015.03.20-18.31.09:287][  0]LoadErrors: Info Failed to load /Game/TwinStickBP/Meshes/TemplateCube_Rounded.TemplateCube_Rounded Referenced by StaticMeshComponent0
[2015.03.20-18.31.09:287][  0]LogLinker:Warning: Can't find file for asset '/Game/TwinStickBP/Meshes/TemplateCube_Rounded' while loading NULL.
[2015.03.20-18.31.09:287][  0]LoadErrors: Info Failed to load /Game/TwinStickBP/Meshes/TemplateCube_Rounded.TemplateCube_Rounded Referenced by StaticMeshComponent0
[2015.03.20-18.31.09:287][  0]LogLinker:Warning: Can't find file '/Game/TwinStickBP/Meshes/CubeMesh'
[2015.03.20-18.31.09:288][  0]LoadErrors: Info Failed to load /Game/TwinStickBP/Meshes/CubeMesh.CubeMesh Referenced by StaticMeshComponent0
[2015.03.20-18.31.09:288][  0]LogLinker:Warning: Can't find file for asset '/Game/TwinStickBP/Meshes/CubeMesh' while loading NULL.
[2015.03.20-18.31.09:288][  0]LoadErrors: Info Failed to load /Game/TwinStickBP/Meshes/CubeMesh.CubeMesh Referenced by StaticMeshComponent0
[2015.03.20-18.31.09:288][  0]LogLinker:Warning: Can't find file '/Game/TwinStickBP/Meshes/CubeMesh'
[2015.03.20-18.31.09:288][  0]LoadErrors: Info Failed to load /Game/TwinStickBP/Meshes/CubeMesh.CubeMesh Referenced by StaticMeshComponent0
[2015.03.20-18.31.09:288][  0]LogLinker:Warning: Can't find file for asset '/Game/TwinStickBP/Meshes/CubeMesh' while loading NULL.
[2015.03.20-18.31.09:288][  0]LoadErrors: Info Failed to load /Game/TwinStickBP/Meshes/CubeMesh.CubeMesh Referenced by StaticMeshComponent0
[2015.03.20-18.31.09:289][  0]LogLinker:Warning: Can't find file '/Game/TwinStickBP/Meshes/CubeMesh'
[2015.03.20-18.31.09:289][  0]LoadErrors: Info Failed to load /Game/TwinStickBP/Meshes/CubeMesh.CubeMesh Referenced by StaticMeshComponent0
[2015.03.20-18.31.09:289][  0]LogLinker:Warning: Can't find file for asset '/Game/TwinStickBP/Meshes/CubeMesh' while loading NULL.
[2015.03.20-18.31.09:289][  0]LoadErrors: Info Failed to load /Game/TwinStickBP/Meshes/CubeMesh.CubeMesh Referenced by StaticMeshComponent0
[2015.03.20-18.31.09:289][  0]LogLinker:Warning: Can't find file '/Game/TwinStickBP/Meshes/CubeMesh'
[2015.03.20-18.31.09:289][  0]LoadErrors: Info Failed to load /Game/TwinStickBP/Meshes/CubeMesh.CubeMesh Referenced by StaticMeshComponent0
[2015.03.20-18.31.09:289][  0]LogLinker:Warning: Can't find file for asset '/Game/TwinStickBP/Meshes/CubeMesh' while loading NULL.
[2015.03.20-18.31.09:290][  0]LoadErrors: Info Failed to load /Game/TwinStickBP/Meshes/CubeMesh.CubeMesh Referenced by StaticMeshComponent0
[2015.03.20-18.31.09:290][  0]LogLinker:Warning: Can't find file '/Game/TwinStickBP/Blueprints/TwinStickGameMode'
[2015.03.20-18.31.09:290][  0]LoadErrors: Info Failed to load /Game/TwinStickBP/Blueprints/TwinStickGameMode.TwinStickGameMode_C Referenced by WorldSettings_1
[2015.03.20-18.31.09:290][  0]LogLinker:Warning: Can't find file for asset '/Game/TwinStickBP/Blueprints/TwinStickGameMode' while loading NULL.
[2015.03.20-18.31.09:290][  0]LoadErrors: Info Failed to load /Game/TwinStickBP/Blueprints/TwinStickGameMode.TwinStickGameMode_C Referenced by WorldSettings_1
[2015.03.20-18.31.09:396][  0]LogEditorServer: Finished looking for orphan Actors (0.000 secs)
[2015.03.20-18.31.10:392][  0]LogAIModule: Creating AISystem for world TwinStickExampleMap
[2015.03.20-18.31.10:393][  0]Cmd: MAP CHECKDEP
[2015.03.20-18.31.10:393][  0]MapCheck: New page: TwinStickExampleMap - 20 Mar 2015 18:31:10
[2015.03.20-18.31.10:515][  0]MapCheck: Info Map check complete: 0 Error(s), 0 Warning(s), took 121.714ms to complete.
[2015.03.20-18.31.10:515][  0]LogFileHelpers: Loading map 'TwinStickExampleMap' took 1.990
[2015.03.20-18.31.10:723][  0]LogCollectionManager: Loaded 0 collections in 0.002365 seconds
[2015.03.20-18.31.10:734][  0]LogContentBrowser: Native class hierarchy populated in 0.0115 seconds. Added 1696 classes and 261 folders.
[2015.03.20-18.31.10:779][  0]LogContentBrowser: Native class hierarchy updated for 'SceneOutliner' in 0.0031 seconds. Added 1 classes and 2 folders.
[2015.03.20-18.31.10:853][  0]LogCrashTracker: Crashtracker disabled due to settings.
[2015.03.20-18.31.10:855][  0]LogSlate:Warning: Failed to load font data from 'Veranda'
[2015.03.20-18.31.10:862][  0]LogUObjectGlobals:Warning: Failed to find object 'Class None.'
[2015.03.20-18.31.10:897][  0]LogLoad: Full Startup: 16.93 seconds (BP compile: 0.10 seconds)
[2015.03.20-18.31.10:944][  0]LogContentBrowser:Verbose: The content browser source was changed by the sources view to '/Game/TwinStickBP/Blueprints'
[2015.03.20-18.31.11:206][  1]LogRenderer:Warning: Reallocating scene render targets to support 808x368 (Frame:2).
[2015.03.20-18.31.12:224][  7]LogAssetRegistry: Asset discovery search completed in 6.0296 seconds
[2015.03.20-18.31.41:828][309]LogRenderer:Warning: Reallocating scene render targets to support 968x440 (Frame:194).
[2015.03.20-18.31.42:610][351]LogPlayLevel: PIE:  No blueprints needed recompiling
[2015.03.20-18.31.42:610][351]PIE: New page: PIE session: TwinStickExampleMap (20 Mar 2015 18:31:42)
[2015.03.20-18.31.42:616][351]LogPlayLevel: PIE: StaticDuplicateObject took: (0.005836s)
[2015.03.20-18.31.42:617][351]LogPlayLevel: PIE: World Init took: (0.000723s)
[2015.03.20-18.31.42:617][351]LogPlayLevel: PIE: Created PIE world by copying editor world from /Game/TwinStickBP/Maps/TwinStickExampleMap.TwinStickExampleMap to /Game/TwinStickBP/Maps/UEDPIE_0_TwinStickExampleMap.TwinStickExampleMap (0.006783s)
[2015.03.20-18.31.43:099][351]LogWorld: Game class is 'TwinStickGameMode_C'
[2015.03.20-18.31.43:101][351]LogAIModule: Creating AISystem for world TwinStickExampleMap
[2015.03.20-18.31.43:107][351]LogWorld: Bringing World /Game/TwinStickBP/Maps/UEDPIE_0_TwinStickExampleMap.TwinStickExampleMap up for play (max tick rate 60) at 2015.03.20-18.31.43
[2015.03.20-18.31.43:107][351]LogWorld: Bringing up level for play took: 0.005496
[2015.03.20-18.31.43:110][351]PIE: Info Play in editor start time for /Game/TwinStickBP/Maps/UEDPIE_0_TwinStickExampleMap 1.294
[2015.03.20-18.31.48:018][635]LogActorComponent: UnregisterComponent: (/Engine/Transient.ProjectileMovementComponent_8) Not registered. Aborting.
[2015.03.20-18.31.48:033][635]LogParticles: Destroying 0 GPU particle simulations for FXSystem 0x000000F810610180
[2015.03.20-18.31.50:092][754]LogEditorViewport: Clicking on Actor (LMB): BP_Sky_Sphere_C (SkyShereBlueprint)
[2015.03.20-18.31.50:529][777]LogEditorViewport: Clicking on Actor (LMB): LightmassImportanceVolume (LightmassImportanceVolume)
[2015.03.20-18.31.54:150][989]LogContentBrowser:Verbose: The content browser source was changed by the sources view to '/Game'
[2015.03.20-18.32.00:215][306]LogContentBrowser:Verbose: The content browser source was changed by the sources view to '/Game'
[2015.03.20-18.32.03:655][512]LogContentBrowser:Verbose: The content browser source was changed by the sources view to '/Game/Maps'
[2015.03.20-18.32.06:013][612]LogContentBrowser:Verbose: The content browser source was changed by the sources view to '/Game/Maps'
[2015.03.20-18.32.13:307][ 36]LogActorComponent: UnregisterComponent: (/Engine/Transient.ProjectileMovementComponent_8) Not registered. Aborting.
[2015.03.20-18.32.14:671][ 36]Cmd: OBJ SAVEPACKAGE PACKAGE="/Game/Maps/Levelone" FILE="../../../../../../Users/Alan/Documents/GitHub/GameJam/try_2/Content/Maps/Levelone.umap" SILENT=true AUTOSAVING=false KEEPDIRTY=false
[2015.03.20-18.32.14:699][ 36]LogSavePackage: Save=10.485763ms
[2015.03.20-18.32.14:699][ 36]LogSavePackage: Moving '../../../../../../Users/Alan/Documents/GitHub/GameJam/try_2/Saved/Levelone580CF1294FB8CFDB8E9DE4B8356D8293.tmp' to '../../../../../../Users/Alan/Documents/GitHub/GameJam/try_2/Content/Maps/Levelone.umap'
[2015.03.20-18.32.14:712][ 36]LogFileHelpers: Saving map 'Levelone' took 0.201
[2015.03.20-18.32.14:769][ 36]Cmd: MAP LOAD FILE="../../../../../../Users/Alan/Documents/GitHub/GameJam/try_2/Content/Maps/Levelone.umap" TEMPLATE=0 SHOWPROGRESS=1 FEATURELEVEL=3
[2015.03.20-18.32.14:769][ 36]LightingResults: New page: Lighting Build
[2015.03.20-18.32.14:803][ 36]LoadErrors: New page: Loading map: Levelone.umap
[2015.03.20-18.32.14:804][ 36]MapCheck: New page: Map Check
[2015.03.20-18.32.14:804][ 36]LightingResults: New page: Lighting Build
[2015.03.20-18.32.14:815][ 36]LogParticles: Destroying 0 GPU particle simulations for FXSystem 0x000000F8119522A0
[2015.03.20-18.32.14:911][ 36]LogEditorServer: Finished looking for orphan Actors (0.000 secs)
[2015.03.20-18.32.14:912][ 36]LogAIModule: Creating AISystem for world Levelone
[2015.03.20-18.32.14:968][ 36]Cmd: MAP CHECKDEP
[2015.03.20-18.32.14:969][ 36]MapCheck: New page: Levelone - 20 Mar 2015 18:32:14
[2015.03.20-18.32.15:112][ 36]MapCheck: Info Map check complete: 0 Error(s), 0 Warning(s), took 143.727ms to complete.
[2015.03.20-18.32.15:113][ 36]LogFileHelpers: Loading map 'Levelone' took 0.347
[2015.03.20-18.32.22:893][479]Cmd: DELETE
[2015.03.20-18.32.22:894][479]Cmd: ACTOR DELETE
[2015.03.20-18.32.22:895][479]LogEditorActor: Deleted Actor: DirectionalLight
[2015.03.20-18.32.22:925][479]LogEditorActor: Deleted 1 Actors (0.031 secs)
[2015.03.20-18.32.27:473][740]LogContentBrowser:Verbose: The content browser source was changed by the sources view to '/Game/StarterContent'
[2015.03.20-18.32.27:813][760]LogContentBrowser:Verbose: The content browser source was changed by the sources view to '/Game/TwinStickBP'
[2015.03.20-18.32.29:473][859]LogContentBrowser:Verbose: The content browser source was changed by the sources view to '/Game/TwinStickBP/Blueprints'
[2015.03.20-18.32.32:290][ 10]LogPlayLevel: PIE:  No blueprints needed recompiling
[2015.03.20-18.32.32:290][ 10]PIE: New page: PIE session: Levelone (20 Mar 2015 18:32:32)
[2015.03.20-18.32.32:292][ 10]LogPlayLevel: PIE: StaticDuplicateObject took: (0.001808s)
[2015.03.20-18.32.32:293][ 10]LogPlayLevel: PIE: World Init took: (0.000775s)
[2015.03.20-18.32.32:293][ 10]LogPlayLevel: PIE: Created PIE world by copying editor world from /Game/Maps/Levelone.Levelone to /Game/Maps/UEDPIE_0_Levelone.Levelone (0.002786s)
[2015.03.20-18.32.32:355][ 10]LogWorld: Game class is 'TwinStickGameMode_C'
[2015.03.20-18.32.32:358][ 10]LogAIModule: Creating AISystem for world Levelone
[2015.03.20-18.32.32:359][ 10]LogWorld: Bringing World /Game/Maps/UEDPIE_0_Levelone.Levelone up for play (max tick rate 60) at 2015.03.20-18.32.32
[2015.03.20-18.32.32:360][ 10]LogWorld: Bringing up level for play took: 0.002188
[2015.03.20-18.32.32:362][ 10]PIE: Info Play in editor start time for /Game/Maps/UEDPIE_0_Levelone 0.546
[2015.03.20-18.32.34:448][132]LogActorComponent: UnregisterComponent: (/Engine/Transient.ProjectileMovementComponent_8) Not registered. Aborting.
[2015.03.20-18.32.34:457][132]LogParticles: Destroying 0 GPU particle simulations for FXSystem 0x000000F8107E39C0
[2015.03.20-18.32.39:647][432]LogPlayLevel: PIE:  No blueprints needed recompiling
[2015.03.20-18.32.39:647][432]PIE: New page: PIE session: Levelone (20 Mar 2015 18:32:39)
[2015.03.20-18.32.39:649][432]LogPlayLevel: PIE: StaticDuplicateObject took: (0.001189s)
[2015.03.20-18.32.39:649][432]LogPlayLevel: PIE: World Init took: (0.000731s)
[2015.03.20-18.32.39:650][432]LogPlayLevel: PIE: Created PIE world by copying editor world from /Game/Maps/Levelone.Levelone to /Game/Maps/UEDPIE_0_Levelone.Levelone (0.002137s)
[2015.03.20-18.32.39:716][432]LogWorld: Game class is 'TwinStickGameMode_C'
[2015.03.20-18.32.39:718][432]LogAIModule: Creating AISystem for world Levelone
[2015.03.20-18.32.39:720][432]LogWorld: Bringing World /Game/Maps/UEDPIE_0_Levelone.Levelone up for play (max tick rate 60) at 2015.03.20-18.32.39
[2015.03.20-18.32.39:721][432]LogWorld: Bringing up level for play took: 0.002109
[2015.03.20-18.32.39:723][432]PIE: Info Play in editor start time for /Game/Maps/UEDPIE_0_Levelone -0.093
[2015.03.20-18.32.46:590][840]LogParticles: Destroying 0 GPU particle simulations for FXSystem 0x000000F8143C8180
[2015.03.20-18.32.54:499][298]LogPlayLevel: PIE:  No blueprints needed recompiling
[2015.03.20-18.32.54:500][298]PIE: New page: PIE session: Levelone (20 Mar 2015 18:32:54)
[2015.03.20-18.32.54:502][298]LogPlayLevel: PIE: StaticDuplicateObject took: (0.001801s)
[2015.03.20-18.32.54:503][298]LogPlayLevel: PIE: World Init took: (0.001269s)
[2015.03.20-18.32.54:503][298]LogPlayLevel: PIE: Created PIE world by copying editor world from /Game/Maps/Levelone.Levelone to /Game/Maps/UEDPIE_0_Levelone.Levelone (0.003347s)
[2015.03.20-18.32.54:570][298]LogWorld: Game class is 'TwinStickGameMode_C'
[2015.03.20-18.32.54:572][298]LogAIModule: Creating AISystem for world Levelone
[2015.03.20-18.32.54:574][298]LogWorld: Bringing World /Game/Maps/UEDPIE_0_Levelone.Levelone up for play (max tick rate 60) at 2015.03.20-18.32.54
[2015.03.20-18.32.54:575][298]LogWorld: Bringing up level for play took: 0.002066
[2015.03.20-18.32.54:577][298]PIE: Info Play in editor start time for /Game/Maps/UEDPIE_0_Levelone 0.761
[2015.03.20-18.32.56:526][411]LogActorComponent: UnregisterComponent: (/Engine/Transient.ProjectileMovementComponent_8) Not registered. Aborting.
[2015.03.20-18.32.56:539][411]LogParticles: Destroying 0 GPU particle simulations for FXSystem 0x000000F84086FA60
[2015.03.20-18.32.57:302][453]LogPlayLevel: PIE:  No blueprints needed recompiling
[2015.03.20-18.32.57:302][453]PIE: New page: PIE session: Levelone (20 Mar 2015 18:32:57)
[2015.03.20-18.32.57:303][453]LogPlayLevel: PIE: StaticDuplicateObject took: (0.001061s)
[2015.03.20-18.32.57:304][453]LogPlayLevel: PIE: World Init took: (0.000607s)
[2015.03.20-18.32.57:304][453]LogPlayLevel: PIE: Created PIE world by copying editor world from /Game/Maps/Levelone.Levelone to /Game/Maps/UEDPIE_0_Levelone.Levelone (0.001824s)
[2015.03.20-18.32.57:369][453]LogWorld: Game class is 'TwinStickGameMode_C'
[2015.03.20-18.32.57:371][453]LogAIModule: Creating AISystem for world Levelone
[2015.03.20-18.32.57:373][453]LogWorld: Bringing World /Game/Maps/UEDPIE_0_Levelone.Levelone up for play (max tick rate 60) at 2015.03.20-18.32.57
[2015.03.20-18.32.57:374][453]LogWorld: Bringing up level for play took: 0.002136
[2015.03.20-18.32.57:376][453]PIE: Info Play in editor start time for /Game/Maps/UEDPIE_0_Levelone -0.44
[2015.03.20-18.32.59:789][597]LogSelection:Warning: PIE object was selected: "TwinStickPawn_C /Game/Maps/UEDPIE_0_Levelone.Levelone:PersistentLevel.TwinStickPawn_48"
[2015.03.20-18.33.03:103][780]LogSelection:Warning: PIE object was selected: "PlayerStartPIE /Game/Maps/UEDPIE_0_Levelone.Levelone:PersistentLevel.PlayerStartPIE_3"
[2015.03.20-18.33.04:098][838]LogSelection:Warning: PIE object was selected: "TwinStickGameMode_C /Game/Maps/UEDPIE_0_Levelone.Levelone:PersistentLevel.TwinStickGameMode_C_4"
[2015.03.20-18.33.04:898][878]LogParticles: Destroying 0 GPU particle simulations for FXSystem 0x000000F8143C8220
[2015.03.20-18.33.06:440][968]Cmd: DELETE
[2015.03.20-18.33.06:440][968]Cmd: ACTOR DELETE
[2015.03.20-18.33.06:441][968]LogEditorActor: Deleted Actor: TwinStickPawn_C
[2015.03.20-18.33.06:481][968]LogEditorActor: Deleted 1 Actors (0.041 secs)
[2015.03.20-18.33.07:269][  7]LogPlayLevel: PIE:  No blueprints needed recompiling
[2015.03.20-18.33.07:269][  7]PIE: New page: PIE session: Levelone (20 Mar 2015 18:33:07)
[2015.03.20-18.33.07:270]