Log file open, 03/22/15 12:30:41
LogInit:Display: Running engine for game: try_2
LogInit: Version: 4.7.3-2479750+++depot+UE4-Releases+4.7
LogInit: API Version: 2455222
LogInit: Compiled (64-bit): Mar 15 2015 23:20:45
LogInit: Compiled with Visual C++: 18.00.21005.01
LogInit: Build Configuration: Development
LogInit: Branch Name: ++depot+UE4-Releases+4.7
LogInit: Command line: 
LogInit: Base directory: C:/Program Files/Epic Games/4.7/Engine/Binaries/Win64/
LogInit: Rocket: 1
[2015.03.22-12.30.41:321][  0]LogTaskGraph: Started task graph with 3 named threads and 6 total threads.
[2015.03.22-12.30.41:389][  0]LogOnline:Warning: No default platform service specified for OnlineSubsystem
[2015.03.22-12.30.41:406][  0]LogInit: Presizing for 0 objects not considered by GC, pre-allocating 0 bytes.
[2015.03.22-12.30.41:415][  0]LogInit: Object subsystem initialized
[2015.03.22-12.30.41:417][  0]LogConsoleResponse:Warning: Skipping Unknown console variable: 'TranslucentSortAxis = (X=0.000000,Y=-1.000000,Z=0.000000)'
[2015.03.22-12.30.41:417][  0]LogConsoleResponse:Warning:   Found in ini file 'C:/Users/TMoynihan/Documents/GitHub/GameJam/try_2/Saved/Config/Windows/Engine.ini', in section '[/Script/Engine.RendererSettings]'
[2015.03.22-12.30.41:417][  0]LogConsoleResponse:Warning: Skipping Unknown console variable: 'UIScaleRule = ShortestSide'
[2015.03.22-12.30.41:417][  0]LogConsoleResponse:Warning:   Found in ini file 'C:/Users/TMoynihan/Documents/GitHub/GameJam/try_2/Saved/Config/Windows/Engine.ini', in section '[/Script/Engine.RendererSettings]'
[2015.03.22-12.30.41:417][  0]LogConsoleResponse:Warning: Skipping Unknown console variable: 'UIScaleCurve = (EditorCurveData=(Keys=),ExternalCurve=None)'
[2015.03.22-12.30.41:417][  0]LogConsoleResponse:Warning:   Found in ini file 'C:/Users/TMoynihan/Documents/GitHub/GameJam/try_2/Saved/Config/Windows/Engine.ini', in section '[/Script/Engine.RendererSettings]'
[2015.03.22-12.30.41:417][  0]LogInit: Selected Device Profile: [Windows]
[2015.03.22-12.30.41:417][  0]LogInit: Applying CVar settings loaded from the selected device profile: [Windows]
[2015.03.22-12.30.41:424][  0]LogInit: Computer: PC
[2015.03.22-12.30.41:424][  0]LogInit: User: TMoynihan
[2015.03.22-12.30.41:424][  0]LogInit: CPU Page size=4096, Cores=4
[2015.03.22-12.30.41:424][  0]LogInit: High frequency timer resolution =2.338359 MHz
[2015.03.22-12.30.41:424][  0]LogMemory: Memory total: Physical=15.9GB (16GB approx) Virtual=8192.0GB
[2015.03.22-12.30.41:424][  0]LogMemory: Platform Memory Stats for Windows
[2015.03.22-12.30.41:424][  0]LogMemory: Process Physical Memory: 49.42 MB used, 49.42 MB peak
[2015.03.22-12.30.41:424][  0]LogMemory: Process Virtual Memory: 29.00 MB used, 29.00 MB peak
[2015.03.22-12.30.41:424][  0]LogMemory: Physical Memory: 4333.04 MB used, 16304.11 MB total
[2015.03.22-12.30.41:424][  0]LogMemory: Virtual Memory: 283.23 MB used, 8388608.00 MB total
[2015.03.22-12.30.41:468][  0]LogD3D11RHI: Found D3D11 adapter 0: NVIDIA GeForce GTX 860M    (Feature Level 11_0)
[2015.03.22-12.30.41:468][  0]LogD3D11RHI: Adapter has 1976MB of dedicated video memory, 0MB of dedicated system memory, and 2048MB of shared system memory, 1 output[s]
[2015.03.22-12.30.41:468][  0]LogD3D11RHI: Chosen D3D11 Adapter Id = 0
[2015.03.22-12.30.41:474][  0]LogRHI: Texture pool is 1361 MB (70% of 1945 MB)
[2015.03.22-12.30.41:490][  0]LogD3D11RHI: Async texture creation enabled
[2015.03.22-12.30.41:555][  0]LogTextLocalizationManager: The requested culture ('en_GB') has no localization data; parent culture's ('en') localization data will be used.
[2015.03.22-12.30.41:611][  0]LogTextLocalizationManager:Warning: Loading localization resources contain conflicting entries for (Namespace:UICommands, Key:Save_ToolTip):
Resource: (C:/Program Files/Epic Games/4.7/Engine/Content/Localization/Editor/en/Editor.locres) Hash: (-29098895) String: (Saves the current level to disk)
Resource: (C:/Program Files/Epic Games/4.7/Engine/Content/Localization/Engine/en/Engine.locres) Hash: (-1280300587) String: (Save selected data to vlog file)
[2015.03.22-12.30.41:611][  0]LogTextLocalizationManager:Warning: Loading localization resources contain conflicting entries for (Namespace:ContentBrowser, Key:ImportAssetToolTip):
Resource: (C:/Program Files/Epic Games/4.7/Engine/Content/Localization/Editor/en/Editor.locres) Hash: (-630476809) String: (Import to {0}...)
Resource: (C:/Program Files/Epic Games/4.7/Engine/Content/Localization/Editor/en/Editor.locres) Hash: (1271782899) String: (Imports an asset from file to this folder.)
[2015.03.22-12.30.41:688][  0]LogContentStreaming: Texture pool size is 0.000000MB
[2015.03.22-12.30.43:828][  0]LogTargetPlatformManager:Display: Building Assets For Windows
[2015.03.22-12.30.44:309][  0]LogTargetPlatformManager:Display: Building Assets For Windows
[2015.03.22-12.30.44:365][  0]LogDerivedDataCache:Display: Max Cache Size: 512 MB
[2015.03.22-12.30.44:400][  0]LogDerivedDataCache: Loaded boot cache 0.03s 39MB C:/Users/TMoynihan/AppData/Local/UnrealEngine/4.7/DerivedDataCache/Boot.ddc.
[2015.03.22-12.30.44:400][  0]LogDerivedDataCache:Display: Loaded Boot cache: C:/Users/TMoynihan/AppData/Local/UnrealEngine/4.7/DerivedDataCache/Boot.ddc
[2015.03.22-12.30.44:400][  0]LogDerivedDataCache: FDerivedDataBackendGraph:  Pak pak cache file ../../../../../../Users/TMoynihan/Documents/GitHub/GameJam/try_2/DerivedDataCache/DDC.ddp not found, will not use a pak cache.
[2015.03.22-12.30.44:400][  0]LogDerivedDataCache: Unable to find inner node Pak for hierarchical cache Hierarchy.
[2015.03.22-12.30.44:517][  0]LogDerivedDataCache:Display: Pak cache opened for reading ../../../Engine/DerivedDataCache/Compressed.ddp.
[2015.03.22-12.30.44:528][  0]LogDerivedDataCache: Using Local data cache path C:/Users/TMoynihan/AppData/Local/UnrealEngine/Common/DerivedDataCache: Writable
[2015.03.22-12.30.44:803][  0]LogMeshUtilities: No automatic mesh reduction module available
[2015.03.22-12.30.44:803][  0]LogMeshUtilities: No automatic mesh merging module available
[2015.03.22-12.30.45:143][  0]LogInit: WinSock: version 1.1 (2.2), MaxSocks=32767, MaxUdp=65467
[2015.03.22-12.30.45:216][  0]LogSlate:Warning: Failed to load font data from '../../../Engine/Content/Slate/Fonts/Roboto-Italic.ttf'
[2015.03.22-12.30.46:972][  0]UdpMessaging: Initializing bridge on interface 0.0.0.0:0 to multicast group 230.0.0.1:6666.
[2015.03.22-12.30.47:228][  0]SourceControl: Info Source control is disabled
[2015.03.22-12.30.47:228][  0]SourceControl: Info Source control is disabled
[2015.03.22-12.30.47:228][  0]SourceControl: Info Source control is disabled
[2015.03.22-12.30.47:228][  0]LogSourceControl: RunCommandInternalRaw: 'git version'
[2015.03.22-12.30.47:228][  0]LogSourceControl: RunCommandInternalRaw: ExecProcess ReturnCode=2 OutResults=''
[2015.03.22-12.30.47:236][  0]SourceControl: Info Source control is disabled
[2015.03.22-12.30.47:440][  0]LogObj: 24231 objects as part of root set at end of initial load.
[2015.03.22-12.30.47:440][  0]LogUObjectAllocator: 5136440 out of 0 bytes used by permanent object pool.
[2015.03.22-12.30.47:518][  0]LogEngine: Initializing Engine...
[2015.03.22-12.30.49:787][  0]LogInit: XAudio2 using 'Headphone (VIA HD Audio)' : 2 channels at 48 kHz using 32 bits per sample (channel mask 0x3)
[2015.03.22-12.30.49:833][  0]LogInit: FAudioDevice initialized.
[2015.03.22-12.30.49:870][  0]LogAIModule: Creating AISystem for world NewWorld
[2015.03.22-12.30.49:888][  0]LogDerivedDataCache: Saved boot cache 0.02s 39MB C:/Users/TMoynihan/AppData/Local/UnrealEngine/4.7/DerivedDataCache/Boot.ddc.
[2015.03.22-12.30.49:891][  0]LogInit: Texture streaming: Enabled
[2015.03.22-12.30.49:984][  0]LogAnalytics: Creating configured Analytics provider AnalyticsET
[2015.03.22-12.30.49:984][  0]LogAnalytics: ET APIKey = Rocket.Release. APIServer = http://et2.epicgames.com/ET2/. AppVersion = 4.7.3-2479750+++depot+UE4-Releases+4.7
[2015.03.22-12.30.49:984][  0]LogAnalytics: ET APIKey = Rocket.Release. DataRouterUploadURL = https://datarouter-public-service-gamedev.ol.epicgames.net/datarouter/api/v1/public/data. AppVersion = 4.7.3-2479750+++depot+UE4-Releases+4.7
[2015.03.22-12.30.49:984][  0]LogAnalytics: SetUserId a1543e6e4b44b1180d87dca38229f528|f29681344a31429fb7499e9e1133047a|a291f7dc-b741-4b66-bec7-16f532d7f59b
[2015.03.22-12.30.49:985][  0]LogAnalytics: AnalyticsET::StartSession [Rocket.Release]
[2015.03.22-12.30.50:006][  0]LogInit: Transaction tracking system initialized
[2015.03.22-12.30.50:182][  0]BlueprintLog: New page: Editor Load
[2015.03.22-12.30.50:216][  0]LogAssetRegistry: FAssetRegistry took 0.0101 seconds to start up
[2015.03.22-12.30.50:216][  0]LogDirectoryWatcher:Warning: Failed to begin reading directory changes for ../../../Engine/Plugins/Experimental/CharacterAI/Content/. Error: 0
[2015.03.22-12.30.50:732][  0]LogTargetPlatformManager:Display: Building Assets For Windows
[2015.03.22-12.30.51:088][  0]LogTargetPlatformManager:Display: Building Assets For Windows
[2015.03.22-12.30.51:340][  0]LogSlate:Warning: Failed to load font data from '../../../Engine/Content/Editor/Slate/Fonts/Roboto-Regular.ttf'
[2015.03.22-12.30.51:340][  0]LogSlate:Warning: Failed to load font data from '../../../Engine/Content/Editor/Slate/Fonts/Roboto-Bold.ttf'
[2015.03.22-12.30.51:346][  0]LogConsoleResponse:Display: 
[2015.03.22-12.30.51:470][  0]LogCook:Display: Done creating registry. It took  0.00s.
[2015.03.22-12.30.51:610][  0]SourceControl: Info Source control is disabled
[2015.03.22-12.30.51:610][  0]Cmd: MAP LOAD FILE="../../../../../../Users/TMoynihan/Documents/GitHub/GameJam/try_2/Content/Maps/Levelone.umap" TEMPLATE=0 SHOWPROGRESS=1 FEATURELEVEL=3
[2015.03.22-12.30.51:611][  0]LightingResults: New page: Lighting Build
[2015.03.22-12.30.51:622][  0]MapCheck: New page: Map Check
[2015.03.22-12.30.51:622][  0]LightingResults: New page: Lighting Build
[2015.03.22-12.30.51:629][  0]LogParticles: Destroying 0 GPU particle simulations for FXSystem 0x0000000013EA2980
[2015.03.22-12.30.53:455][  0]LogTexture:Display: Building textures: Frame_10 (AutoDXT)
[2015.03.22-12.30.53:897][  0]LogTexture:Display: Building textures: Frame_1 (AutoDXT)
[2015.03.22-12.30.54:262][  0]LogTexture:Display: Building textures: Frame_2 (AutoDXT)
[2015.03.22-12.30.54:676][  0]LogTexture:Display: Building textures: Frame_3 (AutoDXT)
[2015.03.22-12.30.55:090][  0]LogTexture:Display: Building textures: Frame_4 (AutoDXT)
[2015.03.22-12.30.55:488][  0]LogTexture:Display: Building textures: Frame_5 (AutoDXT)
[2015.03.22-12.30.55:878][  0]LogTexture:Display: Building textures: Frame_6 (AutoDXT)
[2015.03.22-12.30.56:287][  0]LogTexture:Display: Building textures: Frame_7 (AutoDXT)
[2015.03.22-12.30.56:711][  0]LogTexture:Display: Building textures: Frame_8 (AutoDXT)
[2015.03.22-12.30.57:129][  0]LogTexture:Display: Building textures: Frame_9 (AutoDXT)
[2015.03.22-12.30.57:542][  0]LogTexture:Display: Building textures: tongue (AutoDXT)
[2015.03.22-12.30.57:643][  0]LogTexture:Display: Building textures: hollow_log (AutoDXT)
[2015.03.22-12.30.58:003][  0]LogTexture:Display: Building textures: background (AutoDXT)
[2015.03.22-12.30.58:222][  0]LogTexture:Display: Building textures: branch_1 (AutoDXT)
[2015.03.22-12.30.58:351][  0]LogTexture:Display: Building textures: branch_2 (AutoDXT)
[2015.03.22-12.30.58:501][  0]LogTexture:Display: Building textures: branch_3 (AutoDXT)
[2015.03.22-12.30.58:654][  0]LogTexture:Display: Building textures: grass_1 (AutoDXT)
[2015.03.22-12.30.58:733][  0]LogTexture:Display: Building textures: grass_tuft (AutoDXT)
[2015.03.22-12.30.58:895][  0]LogTexture:Display: Building textures: stump (AutoDXT)
[2015.03.22-12.30.59:050][  0]LogTexture:Display: Building textures: treebasetile (AutoDXT)
[2015.03.22-12.30.59:316][  0]LogTexture:Display: Building textures: treetile (AutoDXT)
[2015.03.22-12.30.59:698][  0]LogEditorServer: Finished looking for orphan Actors (0.000 secs)
[2015.03.22-12.30.59:701][  0]LogAIModule: Creating AISystem for world Levelone
[2015.03.22-12.30.59:701][  0]Cmd: MAP CHECKDEP
[2015.03.22-12.30.59:701][  0]MapCheck: New page: Levelone - 22 Mar 2015 12:30:59
[2015.03.22-12.30.59:818][  0]MapCheck: Info Map check complete: 0 Error(s), 0 Warning(s), took 116.186ms to complete.
[2015.03.22-12.30.59:818][  0]LogFileHelpers: Loading map 'Levelone' took 8.208
[2015.03.22-12.30.59:984][  0]LogCollectionManager: Loaded 0 collections in 0.001830 seconds
[2015.03.22-12.30.59:995][  0]LogContentBrowser: Native class hierarchy populated in 0.0106 seconds. Added 1696 classes and 261 folders.
[2015.03.22-12.31.00:026][  0]LogContentBrowser: Native class hierarchy updated for 'SceneOutliner' in 0.0021 seconds. Added 1 classes and 2 folders.
[2015.03.22-12.31.00:075][  0]LogCrashTracker: Crashtracker disabled due to settings.
[2015.03.22-12.31.00:076][  0]LogSlate:Warning: Failed to load font data from 'Veranda'
[2015.03.22-12.31.00:079][  0]LogUObjectGlobals:Warning: Failed to find object 'Class None.'
[2015.03.22-12.31.00:107][  0]LogLoad: Full Startup: 20.55 seconds (BP compile: 0.80 seconds)
[2015.03.22-12.31.00:149][  0]LogContentBrowser:Verbose: The content browser source was changed by the sources view to '/Game/sounds'
[2015.03.22-12.31.00:342][  0]LogRenderer:Warning: Reallocating scene render targets to support 1208x568 (Frame:2).
[2015.03.22-12.31.00:718][  5]LogAssetRegistry: Asset discovery search completed in 10.5126 seconds
[2015.03.22-12.31.01:083][ 16]AssetReimport: New page: Outstanding source content changes 12:31:01
[2015.03.22-12.31.01:122][ 17]LogEditorFactories: Performing atomic reimport of [C:/Users/TMoynihan/Documents/GitHub/GameJam/try_2/Content/pngs/birdie.png]
[2015.03.22-12.31.01:122][ 17]LogFactory: FactoryCreateBinary: Texture2D with ReimportTextureFactory (0 0 C:/Users/TMoynihan/Documents/GitHub/GameJam/try_2/Content/pngs/birdie.png)
[2015.03.22-12.31.01:252][ 17]LogEditorFactories: -- imported successfully
[2015.03.22-12.31.01:391][ 18]LogEditorFactories: Performing atomic reimport of [C:/Users/TMoynihan/Documents/GitHub/GameJam/try_2/Content/pngs/BirdPlaceholder.png]
[2015.03.22-12.31.01:391][ 18]LogFactory: FactoryCreateBinary: Texture2D with ReimportTextureFactory (0 0 C:/Users/TMoynihan/Documents/GitHub/GameJam/try_2/Content/pngs/BirdPlaceholder.png)
[2015.03.22-12.31.01:428][ 18]LogEditorFactories: -- imported successfully
[2015.03.22-12.31.01:535][ 19]LogEditorFactories: Performing atomic reimport of [C:/Users/TMoynihan/Documents/GitHub/GameJam/try_2/Content/pngs/edgeofplainstile.png]
[2015.03.22-12.31.01:535][ 19]LogFactory: FactoryCreateBinary: Texture2D with ReimportTextureFactory (0 0 C:/Users/TMoynihan/Documents/GitHub/GameJam/try_2/Content/pngs/edgeofplainstile.png)
[2015.03.22-12.31.01:777][ 19]LogEditorFactories: -- imported successfully
[2015.03.22-12.31.01:864][ 20]LogEditorFactories: Performing atomic reimport of [C:/Users/TMoynihan/Documents/GitHub/GameJam/try_2/Content/pngs/fly 1.png]
[2015.03.22-12.31.01:864][ 20]LogFactory: FactoryCreateBinary: Texture2D with ReimportTextureFactory (0 0 C:/Users/TMoynihan/Documents/GitHub/GameJam/try_2/Content/pngs/fly 1.png)
[2015.03.22-12.31.02:510][ 20]LogEditorFactories: -- imported successfully
[2015.03.22-12.31.02:599][ 21]LogEditorFactories: Performing atomic reimport of [C:/Users/TMoynihan/Documents/GitHub/GameJam/try_2/Content/pngs/fly 2.png]
[2015.03.22-12.31.02:599][ 21]LogFactory: FactoryCreateBinary: Texture2D with ReimportTextureFactory (0 0 C:/Users/TMoynihan/Documents/GitHub/GameJam/try_2/Content/pngs/fly 2.png)
[2015.03.22-12.31.03:064][ 21]LogEditorFactories: -- imported successfully
[2015.03.22-12.31.03:073][ 22]LogEditorFactories: Performing atomic reimport of [C:/Users/TMoynihan/Documents/GitHub/GameJam/try_2/Content/pngs/fly 3.png]
[2015.03.22-12.31.03:073][ 22]LogFactory: FactoryCreateBinary: Texture2D with ReimportTextureFactory (0 0 C:/Users/TMoynihan/Documents/GitHub/GameJam/try_2/Content/pngs/fly 3.png)
[2015.03.22-12.31.03:497][ 22]LogEditorFactories: -- imported successfully
[2015.03.22-12.31.03:504][ 23]LogEditorFactories: Performing atomic reimport of [C:/Users/TMoynihan/Documents/GitHub/GameJam/try_2/Content/pngs/fly 4.png]
[2015.03.22-12.31.03:504][ 23]LogFactory: FactoryCreateBinary: Texture2D with ReimportTextureFactory (0 0 C:/Users/TMoynihan/Documents/GitHub/GameJam/try_2/Content/pngs/fly 4.png)
[2015.03.22-12.31.03:924][ 23]LogEditorFactories: -- imported successfully
[2015.03.22-12.31.03:931][ 24]LogEditorFactories: Performing atomic reimport of [C:/Users/TMoynihan/Documents/GitHub/GameJam/try_2/Content/pngs/fly 5.png]
[2015.03.22-12.31.03:931][ 24]LogFactory: FactoryCreateBinary: Texture2D with ReimportTextureFactory (0 0 C:/Users/TMoynihan/Documents/GitHub/GameJam/try_2/Content/pngs/fly 5.png)
[2015.03.22-12.31.04:370][ 24]LogEditorFactories: -- imported successfully
[2015.03.22-12.31.04:392][ 25]LogEditorFactories: Performing atomic reimport of [C:/Users/TMoynihan/Documents/GitHub/GameJam/try_2/Content/pngs/gameover.png]
[2015.03.22-12.31.04:392][ 25]LogFactory: FactoryCreateBinary: Texture2D with ReimportTextureFactory (0 0 C:/Users/TMoynihan/Documents/GitHub/GameJam/try_2/Content/pngs/gameover.png)
[2015.03.22-12.31.04:673][ 25]LogEditorFactories: -- imported successfully
[2015.03.22-12.31.04:691][ 26]LogEditorFactories: Performing atomic reimport of [C:/Users/TMoynihan/Documents/GitHub/GameJam/try_2/Content/pngs/logo-transparent.png]
[2015.03.22-12.31.04:691][ 26]LogFactory: FactoryCreateBinary: Texture2D with ReimportTextureFactory (0 0 C:/Users/TMoynihan/Documents/GitHub/GameJam/try_2/Content/pngs/logo-transparent.png)
[2015.03.22-12.31.05:244][ 26]LogEditorFactories: -- imported successfully
[2015.03.22-12.31.05:256][ 27]LogEditorFactories: Performing atomic reimport of [C:/Users/TMoynihan/Documents/GitHub/GameJam/try_2/Content/pngs/logo.png]
[2015.03.22-12.31.05:256][ 27]LogFactory: FactoryCreateBinary: Texture2D with ReimportTextureFactory (0 0 C:/Users/TMoynihan/Documents/GitHub/GameJam/try_2/Content/pngs/logo.png)
[2015.03.22-12.31.05:798][ 27]LogEditorFactories: -- imported successfully
[2015.03.22-12.31.05:869][ 28]LogEditorFactories: Performing atomic reimport of [C:/Users/TMoynihan/Documents/GitHub/GameJam/try_2/Content/pngs/logocoloured.png]
[2015.03.22-12.31.05:870][ 28]LogFactory: FactoryCreateBinary: Texture2D with ReimportTextureFactory (0 0 C:/Users/TMoynihan/Documents/GitHub/GameJam/try_2/Content/pngs/logocoloured.png)
[2015.03.22-12.31.06:120][ 28]LogEditorFactories: -- imported successfully
[2015.03.22-12.31.06:127][ 29]LogEditorFactories: Performing atomic reimport of [C:/Users/TMoynihan/Documents/GitHub/GameJam/try_2/Content/pngs/mantissss.png]
[2015.03.22-12.31.06:127][ 29]LogFactory: FactoryCreateBinary: Texture2D with ReimportTextureFactory (0 0 C:/Users/TMoynihan/Documents/GitHub/GameJam/try_2/Content/pngs/mantissss.png)
[2015.03.22-12.31.06:347][ 29]LogEditorFactories: -- imported successfully
[2015.03.22-12.31.06:358][ 30]LogEditorFactories: Performing atomic reimport of [C:/Users/TMoynihan/Documents/GitHub/GameJam/try_2/Content/pngs/menubg.png]
[2015.03.22-12.31.06:358][ 30]LogFactory: FactoryCreateBinary: Texture2D with ReimportTextureFactory (0 0 C:/Users/TMoynihan/Documents/GitHub/GameJam/try_2/Content/pngs/menubg.png)
[2015.03.22-12.31.06:850][ 30]LogEditorFactories: -- imported successfully
[2015.03.22-12.31.06:865][ 31]LogEditorFactories: Performing atomic reimport of [C:/Users/TMoynihan/Documents/GitHub/GameJam/try_2/Content/pngs/piss.png]
[2015.03.22-12.31.06:865][ 31]LogFactory: FactoryCreateBinary: Texture2D with ReimportTextureFactory (0 0 C:/Users/TMoynihan/Documents/GitHub/GameJam/try_2/Content/pngs/piss.png)
[2015.03.22-12.31.06:901][ 31]LogEditorFactories: -- imported successfully
[2015.03.22-12.31.06:911][ 32]LogEditorFactories: Performing atomic reimport of [C:/Users/TMoynihan/Documents/GitHub/GameJam/try_2/Content/pngs/plainstile.png]
[2015.03.22-12.31.06:911][ 32]LogFactory: FactoryCreateBinary: Texture2D with ReimportTextureFactory (0 0 C:/Users/TMoynihan/Documents/GitHub/GameJam/try_2/Content/pngs/plainstile.png)
[2015.03.22-12.31.07:146][ 32]LogEditorFactories: -- imported successfully
[2015.03.22-12.31.07:155][ 33]LogEditorFactories: Performing atomic reimport of [C:/Users/TMoynihan/Documents/GitHub/GameJam/try_2/Content/pngs/Point_A.png]
[2015.03.22-12.31.07:155][ 33]LogFactory: FactoryCreateBinary: Texture2D with ReimportTextureFactory (0 0 C:/Users/TMoynihan/Documents/GitHub/GameJam/try_2/Content/pngs/Point_A.png)
[2015.03.22-12.31.15:782][ 33]LogEditorFactories: -- imported successfully
[2015.03.22-12.31.15:792][ 34]LogEditorFactories: Performing atomic reimport of [C:/Users/TMoynihan/Documents/GitHub/GameJam/try_2/Content/pngs/Point_B.png]
[2015.03.22-12.31.15:792][ 34]LogFactory: FactoryCreateBinary: Texture2D with ReimportTextureFactory (0 0 C:/Users/TMoynihan/Documents/GitHub/GameJam/try_2/Content/pngs/Point_B.png)
[2015.03.22-12.31.15:824][ 34]LogEditorFactories: -- imported successfully
[2015.03.22-12.31.15:833][ 35]LogEditorFactories: Performing atomic reimport of [C:/Users/TMoynihan/Documents/GitHub/GameJam/try_2/Content/pngs/sky.png]
[2015.03.22-12.31.15:833][ 35]LogFactory: FactoryCreateBinary: Texture2D with ReimportTextureFactory (0 0 C:/Users/TMoynihan/Documents/GitHub/GameJam/try_2/Content/pngs/sky.png)
[2015.03.22-12.31.16:033][ 35]LogEditorFactories: -- imported successfully
[2015.03.22-12.31.16:044][ 36]LogEditorFactories: Performing atomic reimport of [C:/Users/TMoynihan/Documents/GitHub/GameJam/try_2/Content/pngs/skytree.png]
[2015.03.22-12.31.16:044][ 36]LogFactory: FactoryCreateBinary: Texture2D with ReimportTextureFactory (0 0 C:/Users/TMoynihan/Documents/GitHub/GameJam/try_2/Content/pngs/skytree.png)
[2015.03.22-12.31.16:224][ 36]LogEditorFactories: -- imported successfully
[2015.03.22-12.31.16:382][ 37]LogEditorFactories: Performing atomic reimport of [C:/Users/TMoynihan/Documents/GitHub/GameJam/try_2/Content/pngs/soil.png]
[2015.03.22-12.31.16:382][ 37]LogFactory: FactoryCreateBinary: Texture2D with ReimportTextureFactory (0 0 C:/Users/TMoynihan/Documents/GitHub/GameJam/try_2/Content/pngs/soil.png)
[2015.03.22-12.31.16:416][ 37]LogEditorFactories: -- imported successfully
[2015.03.22-12.31.16:416][ 37]LogEditorFactories: Performing atomic reimport of [C:/Users/TMoynihan/Documents/GitHub/GameJam/try_2/Content/pngs/stick insect.png]
[2015.03.22-12.31.16:416][ 37]LogFactory: FactoryCreateBinary: Texture2D with ReimportTextureFactory (0 0 C:/Users/TMoynihan/Documents/GitHub/GameJam/try_2/Content/pngs/stick insect.png)
[2015.03.22-12.31.17:214][ 37]LogEditorFactories: -- imported successfully
[2015.03.22-12.31.17:225][ 38]LogEditorFactories: Performing atomic reimport of [C:/Users/TMoynihan/Documents/GitHub/GameJam/try_2/Content/pngs/tongue segment.png]
[2015.03.22-12.31.17:225][ 38]LogFactory: FactoryCreateBinary: Texture2D with ReimportTextureFactory (0 0 C:/Users/TMoynihan/Documents/GitHub/GameJam/try_2/Content/pngs/tongue segment.png)
[2015.03.22-12.31.17:239][ 38]LogEditorFactories: -- imported successfully
[2015.03.22-12.31.17:243][ 38]LogEditorFactories: Performing atomic reimport of [C:/Users/TMoynihan/Documents/GitHub/GameJam/try_2/Content/pngs/tongue tip.png]
[2015.03.22-12.31.17:243][ 38]LogFactory: FactoryCreateBinary: Texture2D with ReimportTextureFactory (0 0 C:/Users/TMoynihan/Documents/GitHub/GameJam/try_2/Content/pngs/tongue tip.png)
[2015.03.22-12.31.17:268][ 38]LogEditorFactories: -- imported successfully
[2015.03.22-12.31.17:269][ 38]LogEditorFactories: Performing atomic reimport of [C:/Users/TMoynihan/Documents/GitHub/GameJam/try_2/Content/sounds/music.wav]
[2015.03.22-12.31.17:269][ 38]LogFactory: FactoryCreateBinary: SoundWave with ReimportSoundFactory (0 0 C:/Users/TMoynihan/Documents/GitHub/GameJam/try_2/Content/sounds/music.wav)
[2015.03.22-12.31.17:276][ 38]LogEditorFactories: -- imported successfully
[2015.03.22-12.31.17:277][ 38]AssetReimport: Info Reimported asset birdie from C:/Users/TMoynihan/Documents/GitHub/GameJam/try_2/Content/pngs/birdie.png.
[2015.03.22-12.31.17:277][ 38]AssetReimport: Info Reimported asset BirdPlaceholder from C:/Users/TMoynihan/Documents/GitHub/GameJam/try_2/Content/pngs/BirdPlaceholder.png.
[2015.03.22-12.31.17:277][ 38]AssetReimport: Info Reimported asset edgeofplainstile from C:/Users/TMoynihan/Documents/GitHub/GameJam/try_2/Content/pngs/edgeofplainstile.png.
[2015.03.22-12.31.17:277][ 38]AssetReimport: Info Reimported asset fly_1 from C:/Users/TMoynihan/Documents/GitHub/GameJam/try_2/Content/pngs/fly 1.png.
[2015.03.22-12.31.17:277][ 38]AssetReimport: Info Reimported asset fly_2 from C:/Users/TMoynihan/Documents/GitHub/GameJam/try_2/Content/pngs/fly 2.png.
[2015.03.22-12.31.17:277][ 38]AssetReimport: Info Reimported asset fly_3 from C:/Users/TMoynihan/Documents/GitHub/GameJam/try_2/Content/pngs/fly 3.png.
[2015.03.22-12.31.17:277][ 38]AssetReimport: Info Reimported asset fly_4 from C:/Users/TMoynihan/Documents/GitHub/GameJam/try_2/Content/pngs/fly 4.png.
[2015.03.22-12.31.17:277][ 38]AssetReimport: Info Reimported asset fly_5 from C:/Users/TMoynihan/Documents/GitHub/GameJam/try_2/Content/pngs/fly 5.png.
[2015.03.22-12.31.17:277][ 38]AssetReimport: Info Reimported asset gameover from C:/Users/TMoynihan/Documents/GitHub/GameJam/try_2/Content/pngs/gameover.png.
[2015.03.22-12.31.17:277][ 38]AssetReimport: Info Reimported asset logo-transparent from C:/Users/TMoynihan/Documents/GitHub/GameJam/try_2/Content/pngs/logo-transparent.png.
[2015.03.22-12.31.17:277][ 38]AssetReimport: Info Reimported asset logo from C:/Users/TMoynihan/Documents/GitHub/GameJam/try_2/Content/pngs/logo.png.
[2015.03.22-12.31.17:277][ 38]AssetReimport: Info Reimported asset logocoloured from C:/Users/TMoynihan/Documents/GitHub/GameJam/try_2/Content/pngs/logocoloured.png.
[2015.03.22-12.31.17:277][ 38]AssetReimport: Info Reimported asset mantissss from C:/Users/TMoynihan/Documents/GitHub/GameJam/try_2/Content/pngs/mantissss.png.
[2015.03.22-12.31.17:277][ 38]AssetReimport: Info Reimported asset menubg from C:/Users/TMoynihan/Documents/GitHub/GameJam/try_2/Content/pngs/menubg.png.
[2015.03.22-12.31.17:277][ 38]AssetReimport: Info Reimported asset piss from C:/Users/TMoynihan/Documents/GitHub/GameJam/try_2/Content/pngs/piss.png.
[2015.03.22-12.31.17:277][ 38]AssetReimport: Info Reimported asset plainstile from C:/Users/TMoynihan/Documents/GitHub/GameJam/try_2/Content/pngs/plainstile.png.
[2015.03.22-12.31.17:277][ 38]AssetReimport: Info Reimported asset Point_A from C:/Users/TMoynihan/Documents/GitHub/GameJam/try_2/Content/pngs/Point_A.png.
[2015.03.22-12.31.17:277][ 38]AssetReimport: Info Reimported asset Point_B from C:/Users/TMoynihan/Documents/GitHub/GameJam/try_2/Content/pngs/Point_B.png.
[2015.03.22-12.31.17:277][ 38]AssetReimport: Info Reimported asset sky from C:/Users/TMoynihan/Documents/GitHub/GameJam/try_2/Content/pngs/sky.png.
[2015.03.22-12.31.17:277][ 38]AssetReimport: Info Reimported asset skytree from C:/Users/TMoynihan/Documents/GitHub/GameJam/try_2/Content/pngs/skytree.png.
[2015.03.22-12.31.17:277][ 38]AssetReimport: Info Reimported asset soil from C:/Users/TMoynihan/Documents/GitHub/GameJam/try_2/Content/pngs/soil.png.
[2015.03.22-12.31.17:277][ 38]AssetReimport: Info Reimported asset stick_insect from C:/Users/TMoynihan/Documents/GitHub/GameJam/try_2/Content/pngs/stick insect.png.
[2015.03.22-12.31.17:277][ 38]AssetReimport: Info Reimported asset tongue_segment from C:/Users/TMoynihan/Documents/GitHub/GameJam/try_2/Content/pngs/tongue segment.png.
[2015.03.22-12.31.17:277][ 38]AssetReimport: Info Reimported asset tongue_tip from C:/Users/TMoynihan/Documents/GitHub/GameJam/try_2/Content/pngs/tongue tip.png.
[2015.03.22-12.31.17:278][ 38]AssetReimport: Info Reimported asset music from C:/Users/TMoynihan/Documents/GitHub/GameJam/try_2/Content/sounds/music.wav.
[2015.03.22-12.31.17:291][ 38]LogAudioDerivedData:Display: Building compressed audio format OGG wave music...
[2015.03.22-12.31.17:675][ 38]LogAudioDerivedData:Warning: Updated SoundWave->RawPCMDataSize during cooking SoundWave /Game/sounds/music.music.
[2015.03.22-12.32.24:297][783]LogEditorViewport: Clicking on Actor (LMB): PaperSpriteActor (sky_Sprite34)
[2015.03.22-12.32.26:041][880]LogEditorViewport: Clicking Background
[2015.03.22-12.32.26:475][906]LogEditorViewport: Clicking on Actor (LMB): PaperSpriteActor (sky_Sprite35)
[2015.03.22-12.32.27:328][956]Cmd: DELETE
[2015.03.22-12.32.27:328][956]Cmd: ACTOR DELETE
[2015.03.22-12.32.27:330][956]LogEditorActor: Deleted Actor: PaperSpriteActor
[2015.03.22-12.32.27:364][956]LogEditorActor: Deleted 1 Actors (0.036 secs)
[2015.03.22-12.32.27:939][991]LogEditorViewport: Clicking on Actor (LMB): PaperSpriteActor (sky_Sprite34)
[2015.03.22-12.32.35:543][435]Cmd: EDIT COPY
[2015.03.22-12.32.36:477][491]Cmd: EDIT PASTE
[2015.03.22-12.32.42:488][849]LogEditorViewport: Clicking Background
[2015.03.22-12.32.50:642][328]LogEditorViewport: Clicking on Actor (LMB): PaperSpriteActor (plainstile_Sprite34)
[2015.03.22-12.32.57:640][700]LogContentBrowser:Verbose: The content browser source was changed by the sources view to '/Game/BluePrints'
[2015.03.22-12.33.04:422][ 47]LogGraphPanel:Warning: Found NULL Node in GraphObj array. A node type has been deleted without creating an ActiveClassRedictor to K2Node_DeadClass.
[2015.03.22-12.33.04:422][ 47]LogGraphPanel:Warning: Found NULL Node in GraphObj array. A node type has been deleted without creating an ActiveClassRedictor to K2Node_DeadClass.
[2015.03.22-12.33.04:422][ 47]LogGraphPanel:Warning: Found NULL Node in GraphObj array. A node type has been deleted without creating an ActiveClassRedictor to K2Node_DeadClass.
[2015.03.22-12.33.04:422][ 47]LogGraphPanel:Warning: Found NULL Node in GraphObj array. A node type has been deleted without creating an ActiveClassRedictor to K2Node_DeadClass.
[2015.03.22-12.33.29:989][399]LogGraphPanel:Warning: Found NULL Node in GraphObj array. A node type has been deleted without creating an ActiveClassRedictor to K2Node_DeadClass.
[2015.03.22-12.33.29:989][399]LogGraphPanel:Warning: Found NULL Node in GraphObj array. A node type has been deleted without creating an ActiveClassRedictor to K2Node_DeadClass.
[2015.03.22-12.33.29:989][399]LogGraphPanel:Warning: Found NULL Node in GraphObj array. A node type has been deleted without creating an ActiveClassRedictor to K2Node_DeadClass.
[2015.03.22-12.33.29:989][399]LogGraphPanel:Warning: Found NULL Node in GraphObj array. A node type has been deleted without creating an ActiveClassRedictor to K2Node_DeadClass.
[2015.03.22-12.33.37:227][762]LogGraphPanel:Warning: Found NULL Node in GraphObj array. A node type has been deleted without creating an ActiveClassRedictor to K2Node_DeadClass.
[2015.03.22-12.33.37:228][762]LogGraphPanel:Warning: Found NULL Node in GraphObj array. A node type has been deleted without creating an ActiveClassRedictor to K2Node_DeadClass.
[2015.03.22-12.33.37:228][762]LogGraphPanel:Warning: Found NULL Node in GraphObj array. A node type has been deleted without creating an ActiveClassRedictor to K2Node_DeadClass.
[2015.03.22-12.33.37:228][762]LogGraphPanel:Warning: Found NULL Node in GraphObj array. A node type has been deleted without creating an ActiveClassRedictor to K2Node_DeadClass.
[2015.03.22-12.33.41:537][962]LogGraphPanel:Warning: Found NULL Node in GraphObj array. A node type has been deleted without creating an ActiveClassRedictor to K2Node_DeadClass.
[2015.03.22-12.33.41:537][962]LogGraphPanel:Warning: Found NULL Node in GraphObj array. A node type has been deleted without creating an ActiveClassRedictor to K2Node_DeadClass.
[2015.03.22-12.33.41:537][962]LogGraphPanel:Warning: Found NULL Node in GraphObj array. A node type has been deleted without creating an ActiveClassRedictor to K2Node_DeadClass.
[2015.03.22-12.33.41:537][962]LogGraphPanel:Warning: Found NULL Node in GraphObj array. A node type has been deleted without creating an ActiveClassRedictor to K2Node_DeadClass.
[2015.03.22-12.33.53:330][636]LogGraphPanel:Warning: Found NULL Node in GraphObj array. A node type has been deleted without creating an ActiveClassRedictor to K2Node_DeadClass.
[2015.03.22-12.33.53:330][636]LogGraphPanel:Warning: Found NULL Node in GraphObj array. A node type has been deleted without creating an ActiveClassRedictor to K2Node_DeadClass.
[2015.03.22-12.33.53:330][636]LogGraphPanel:Warning: Found NULL Node in GraphObj array. A node type has been deleted without creating an ActiveClassRedictor to K2Node_DeadClass.
[2015.03.22-12.33.53:330][636]LogGraphPanel:Warning: Found NULL Node in GraphObj array. A node type has been deleted without creating an ActiveClassRedictor to K2Node_DeadClass.
[2015.03.22-12.33.59:976][987]LogGraphPanel:Warning: Found NULL Node in GraphObj array. A node type has been deleted without creating an ActiveClassRedictor to K2Node_DeadClass.
[2015.03.22-12.33.59:976][987]LogGraphPanel:Warning: Found NULL Node in GraphObj array. A node type has been deleted without creating an ActiveClassRedictor to K2Node_DeadClass.
[2015.03.22-12.33.59:976][987]LogGraphPanel:Warning: Found NULL Node in GraphObj array. A node type has been deleted without creating an ActiveClassRedictor to K2Node_DeadClass.
[2015.03.22-12.33.59:976][987]LogGraphPanel:Warning: Found NULL Node in GraphObj array. A node type has been deleted without creating an ActiveClassRedictor to K2Node_DeadClass.
[2015.03.22-12.34.06:725][365]LogGraphPanel:Warning: Found NULL Node in GraphObj array. A node type has been deleted without creating an ActiveClassRedictor to K2Node_DeadClass.
[2015.03.22-12.34.06:725][365]LogGraphPanel:Warning: Found NULL Node in GraphObj array. A node type has been deleted without creating an ActiveClassRedictor to K2Node_DeadClass.
[2015.03.22-12.34.06:725][365]LogGraphPanel:Warning: Found NULL Node in GraphObj array. A node type has been deleted without creating an ActiveClassRedictor to K2Node_DeadClass.
[2015.03.22-12.34.06:725][365]LogGraphPanel:Warning: Found NULL Node in GraphObj array. A node type has been deleted without creating an ActiveClassRedictor to K2Node_DeadClass.
[2015.03.22-12.34.08:490][462]BlueprintLog: New page: Compile Icantspellchamerlan
[2015.03.22-12.34.08:803][462]BlueprintEditorCompileResults: Info [0209.25] Compile of Icantspellchamerlan successful! [in 312 ms]
[2015.03.22-12.35.20:062][266]LogGraphPanel:Warning: Found NULL Node in GraphObj array. A node type has been deleted without creating an ActiveClassRedictor to K2Node_DeadClass.
[2015.03.22-12.35.20:062][266]LogGraphPanel:Warning: Found NULL Node in GraphObj array. A node type has been deleted without creating an ActiveClassRedictor to K2Node_DeadClass.
[2015.03.22-12.35.20:062][266]LogGraphPanel:Warning: Found NULL Node in GraphObj array. A node type has been deleted without creating an ActiveClassRedictor to K2Node_DeadClass.
[2015.03.22-12.35.20:062][266]LogGraphPanel:Warning: Found NULL Node in GraphObj array. A node type has been deleted without creating an ActiveClassRedictor to K2Node_DeadClass.
[2015.03.22-12.35.26:949][660]LogGraphPanel:Warning: Found NULL Node in GraphObj array. A node type has been deleted without creating an ActiveClassRedictor to K2Node_DeadClass.
[2015.03.22-12.35.26:949][660]LogGraphPanel:Warning: Found NULL Node in GraphObj array. A node type has been deleted without creating an ActiveClassRedictor to K2Node_DeadClass.
[2015.03.22-12.35.26:949][660]LogGraphPanel:Warning: Found NULL Node in GraphObj array. A node type has been deleted without creating an ActiveClassRedictor to K2Node_DeadClass.
[2015.03.22-12.35.26:949][660]LogGraphPanel:Warning: Found NULL Node in GraphObj array. A node type has been deleted without creating an ActiveClassRedictor to K2Node_DeadClass.
[2015.03.22-12.35.46:188][785]LogGraphPanel:Warning: Found NULL Node in GraphObj array. A node type has been deleted without creating an ActiveClassRedictor to K2Node_DeadClass.
[2015.03.22-12.35.46:188][785]LogGraphPanel:Warning: Found NULL Node in GraphObj array. A node type has been deleted without creating an ActiveClassRedictor to K2Node_DeadClass.
[2015.03.22-12.35.46:188][785]LogGraphPanel:Warning: Found NULL Node in GraphObj array. A node type has been deleted without creating an ActiveClassRedictor to K2Node_DeadClass.
[2015.03.22-12.35.46:188][785]LogGraphPanel:Warning: Found NULL Node in GraphObj array. A node type has been deleted without creating an ActiveClassRedictor to K2Node_DeadClass.
[2015.03.22-12.35.52:021][111]LogGraphPanel:Warning: Found NULL Node in GraphObj array. A node type has been deleted without creating an ActiveClassRedictor to K2Node_DeadClass.
[2015.03.22-12.35.52:021][111]LogGraphPanel:Warning: Found NULL Node in GraphObj array. A node type has been deleted without creating an ActiveClassRedictor to K2Node_DeadClass.
[2015.03.22-12.35.52:021][111]LogGraphPanel:Warning: Found NULL Node in GraphObj array. A node type has been deleted without creating an ActiveClassRedictor to K2Node_DeadClass.
[2015.03.22-12.35.52:021][111]LogGraphPanel:Warning: Found NULL Node in GraphObj array. A node type has been deleted without creating an ActiveClassRedictor to K2Node_DeadClass.
[2015.03.22-12.36.08:558][ 51]LogGraphPanel:Warning: Found NULL Node in GraphObj array. A node type has been deleted without creating an ActiveClassRedictor to K2Node_DeadClass.
[2015.03.22-12.36.08:558][ 51]LogGraphPanel:Warning: Found NULL Node in GraphObj array. A node type has been deleted without creating an ActiveClassRedictor to K2Node_DeadClass.
[2015.03.22-12.36.08:559][ 51]LogGraphPanel:Warning: Found NULL Node in GraphObj array. A node type has been deleted without creating an ActiveClassRedictor to K2Node_DeadClass.
[2015.03.22-12.36.08:559][ 51]LogGraphPanel:Warning: Found NULL Node in GraphObj array. A node type has been deleted without creating an ActiveClassRedictor to K2Node_DeadClass.
[2015.03.22-12.36.18:572][628]LogGraphPanel:Warning: Found NULL Node in GraphObj array. A node type has been deleted without creating an ActiveClassRedictor to K2Node_DeadClass.
[2015.03.22-12.36.18:572][628]LogGraphPanel:Warning: Found NULL Node in GraphObj array. A node type has been deleted without creating an ActiveClassRedictor to K2Node_DeadClass.
[2015.03.22-12.36.18:572][628]LogGraphPanel:Warning: Found NULL Node in GraphObj array. A node type has been deleted without creating an ActiveClassRedictor to K2Node_DeadClass.
[2015.03.22-12.36.18:572][628]LogGraphPanel:Warning: Found NULL Node in GraphObj array. A node type has been deleted without creating an ActiveClassRedictor to K2Node_DeadClass.
[2015.03.22-12.36.24:920][984]LogGraphPanel:Warning: Found NULL Node in GraphObj array. A node type has been deleted without creating an ActiveClassRedictor to K2Node_DeadClass.
[2015.03.22-12.36.24:920][984]LogGraphPanel:Warning: Found NULL Node in GraphObj array. A node type has been deleted without creating an ActiveClassRedictor to K2Node_DeadClass.
[2015.03.22-12.36.24:920][984]LogGraphPanel:Warning: Found NULL Node in GraphObj array. A node type has been deleted without creating an ActiveClassRedictor to K2Node_DeadClass.
[2015.03.22-12.36.24:920][984]LogGraphPanel:Warning: Found NULL Node in GraphObj array. A node type has been deleted without creating an ActiveClassRedictor to K2Node_DeadClass.
[2015.03.22-12.36.48:713][225]LogGraphPanel:Warning: Found NULL Node in GraphObj array. A node type has been deleted without creating an ActiveClassRedictor to K2Node_DeadClass.
[2015.03.22-12.36.48:713][225]LogGraphPanel:Warning: Found NULL Node in GraphObj array. A node type has been deleted without creating an ActiveClassRedictor to K2Node_DeadClass.
[2015.03.22-12.36.48:713][225]LogGraphPanel:Warning: Found NULL Node in GraphObj array. A node type has been deleted without creating an ActiveClassRedictor to K2Node_DeadClass.
[2015.03.22-12.36.48:713][225]LogGraphPanel:Warning: Found NULL Node in GraphObj array. A node type has been deleted without creating an ActiveClassRedictor to K2Node_DeadClass.
[2015.03.22-12.36.56:893][692]LogGraphPanel:Warning: Found NULL Node in GraphObj array. A node type has been deleted without creating an ActiveClassRedictor to K2Node_DeadClass.
[2015.03.22-12.36.56:893][692]LogGraphPanel:Warning: Found NULL Node in GraphObj array. A node type has been deleted without creating an ActiveClassRedictor to K2Node_DeadClass.
[2015.03.22-12.36.56:893][692]LogGraphPanel:Warning: Found NULL Node in GraphObj array. A node type has been deleted without creating an ActiveClassRedictor to K2Node_DeadClass.
[2015.03.22-12.36.56:893][692]LogGraphPanel:Warning: Found NULL Node in GraphObj array. A node type has been deleted without creating an ActiveClassRedictor to K2Node_DeadClass.
[2015.03.22-12.37.09:179][402]LogGraphPanel:Warning: Found NULL Node in GraphObj array. A node type has been deleted without creating an ActiveClassRedictor to K2Node_DeadClass.
[2015.03.22-12.37.09:179][402]LogGraphPanel:Warning: Found NULL Node in GraphObj array. A node type has been deleted without creating an ActiveClassRedictor to K2Node_DeadClass.
[2015.03.22-12.37.09:179][402]LogGraphPanel:Warning: Found NULL Node in GraphObj array. A node type has been deleted without creating an ActiveClassRedictor to K2Node_DeadClass.
[2015.03.22-12.37.09:179][402]LogGraphPanel:Warning: Found NULL Node in GraphObj array. A node type has been deleted without creating an ActiveClassRedictor to K2Node_DeadClass.
[2015.03.22-12.37.14:059][686]LogUObjectGlobals:Warning: Failed to find object 'Object None.'
[2015.03.22-12.37.14:060][686]LogUObjectGlobals:Warning: Failed to find object 'Object None.'
[2015.03.22-12.37.14:117][686]LogGraphPanel:Warning: Found NULL Node in GraphObj array. A node type has been deleted without creating an ActiveClassRedictor to K2Node_DeadClass.
[2015.03.22-12.37.14:117][686]LogGraphPanel:Warning: Found NULL Node in GraphObj array. A node type has been deleted without creating an ActiveClassRedictor to K2Node_DeadClass.
[2015.03.22-12.37.14:117][686]LogGraphPanel:Warning: Found NULL Node in GraphObj array. A node type has been deleted without creating an ActiveClassRedictor to K2Node_DeadClass.
[2015.03.22-12.37.14:117][686]LogGraphPanel:Warning: Found NULL Node in GraphObj array. A node type has been deleted without creating an ActiveClassRedictor to K2Node_DeadClass.
[2015.03.22-12.37.42:751][354]LogEditorViewport: Clicking on Actor (LMB): PaperSpriteActor (plainstile_Sprite28)
[2015.03.22-12.37.51:130][835]BlueprintLog: New page: Compile Icantspellchamerlan
[2015.03.22-12.37.51:347][835]LogBlueprint:Warning: [compiler] Warning Can't parse default value '(X=-2493.875000,Y=306.358093,Z=-347.060181)' for  (none) . Property: RightWall.
[2015.03.22-12.37.51:465][835]LogBlueprint:Warning: [compiler] Warning [0431.91] Compile of Icantspellchamerlan successful, but with 1 Warning(s) [in 334 ms]
[2015.03.22-12.37.51:465][835]BlueprintEditorCompileResults:Warning: Warning Can't parse default value '(X=-2493.875000,Y=306.358093,Z=-347.060181)' for  (none) . Property: RightWall.
[2015.03.22-12.37.51:465][835]BlueprintEditorCompileResults:Warning: Warning [0431.91] Compile of Icantspellchamerlan successful, but with 1 Warning(s) [in 334 ms]
[2015.03.22-12.38.21:174][572]LogGraphPanel:Warning: Found NULL Node in GraphObj array. A node type has been deleted without creating an ActiveClassRedictor to K2Node_DeadClass.
[2015.03.22-12.38.21:174][572]LogGraphPanel:Warning: Found NULL Node in GraphObj array. A node type has been deleted without creating an ActiveClassRedictor to K2Node_DeadClass.
[2015.03.22-12.38.21:174][572]LogGraphPanel:Warning: Found NULL Node in GraphObj array. A node type has been deleted without creating an ActiveClassRedictor to K2Node_DeadClass.
[2015.03.22-12.38.21:174][572]LogGraphPanel:Warning: Found NULL Node in GraphObj array. A node type has been deleted without creating an ActiveClassRedictor to K2Node_DeadClass.
[2015.03.22-12.38.29:679][ 44]LogGraphPanel:Warning: Found NULL Node in GraphObj array. A node type has been deleted without creating an ActiveClassRedictor to K2Node_DeadClass.
[2015.03.22-12.38.29:679][ 44]LogGraphPanel:Warning: Found NULL Node in GraphObj array. A node type has been deleted without creating an ActiveClassRedictor to K2Node_DeadClass.
[2015.03.22-12.38.29:679][ 44]LogGraphPanel:Warning: Found NULL Node in GraphObj array. A node type has been deleted without creating an ActiveClassRedictor to K2Node_DeadClass.
[2015.03.22-12.38.29:679][ 44]LogGraphPanel:Warning: Found NULL Node in GraphObj array. A node type has been deleted without creating an ActiveClassRedictor to K2Node_DeadClass.
[2015.03.22-12.38.43:451][772]LogGraphPanel:Warning: Found NULL Node in GraphObj array. A node type has been deleted without creating an ActiveClassRedictor to K2Node_DeadClass.
[2015.03.22-12.38.43:451][772]LogGraphPanel:Warning: Found NULL Node in GraphObj array. A node type has been deleted without creating an ActiveClassRedictor to K2Node_DeadClass.
[2015.03.22-12.38.43:451][772]LogGraphPanel:Warning: Found NULL Node in GraphObj array. A node type has been deleted without creating an ActiveClassRedictor to K2Node_DeadClass.
[2015.03.22-12.38.43:451][772]LogGraphPanel:Warning: Found NULL Node in GraphObj array. A node type has been deleted without creating an ActiveClassRedictor to K2Node_DeadClass.
[2015.03.22-12.38.48:506][ 37]LogGraphPanel:Warning: Found NULL Node in GraphObj array. A node type has been deleted without creating an ActiveClassRedictor to K2Node_DeadClass.
[2015.03.22-12.38.48:506][ 37]LogGraphPanel:Warning: Found NULL Node in GraphObj array. A node type has been deleted without creating an ActiveClassRedictor to K2Node_DeadClass.
[2015.03.22-12.38.48:506][ 37]LogGraphPanel:Warning: Found NULL Node in GraphObj array. A node type has been deleted without creating an ActiveClassRedictor to K2Node_DeadClass.
[2015.03.22-12.38.48:506][ 37]LogGraphPanel:Warning: Found NULL Node in GraphObj array. A node type has been deleted without creating an ActiveClassRedictor to K2Node_DeadClass.
[2015.03.22-12.38.50:535][147]LogGraphPanel:Warning: Found NULL Node in GraphObj array. A node type has been deleted without creating an ActiveClassRedictor to K2Node_DeadClass.
[2015.03.22-12.38.50:535][147]LogGraphPanel:Warning: Found NULL Node in GraphObj array. A node type has been deleted without creating an ActiveClassRedictor to K2Node_DeadClass.
[2015.03.22-12.38.50:535][147]LogGraphPanel:Warning: Found NULL Node in GraphObj array. A node type has been deleted without creating an ActiveClassRedictor to K2Node_DeadClass.
[2015.03.22-12.38.50:535][147]LogGraphPanel:Warning: Found NULL Node in GraphObj array. A node type has been deleted without creating an ActiveClassRedictor to K2Node_DeadClass.
[2015.03.22-12.38.55:160][387]LogGraphPanel:Warning: Found NULL Node in GraphObj array. A node type has been deleted without creating an ActiveClassRedictor to K2Node_DeadClass.
[2015.03.22-12.38.55:160][387]LogGraphPanel:Warning: Found NULL Node in GraphObj array. A node type has been deleted without creating an ActiveClassRedictor to K2Node_DeadClass.
[2015.03.22-12.38.55:160][387]LogGraphPanel:Warning: Found NULL Node in GraphObj array. A node type has been deleted without creating an ActiveClassRedictor to K2Node_DeadClass.
[2015.03.22-12.38.55:160][387]LogGraphPanel:Warning: Found NULL Node in GraphObj array. A node type has been deleted without creating an ActiveClassRedictor to K2Node_DeadClass.
[2015.03.22-12.38.59:556][625]Cmd: TRANSACTION UNDO
[2015.03.22-12.38.59:556][625]LogEditorTransaction: Undo Add Node
[2015.03.22-12.38.59:706][625]LogGraphPanel:Warning: Found NULL Node in GraphObj array. A node type has been deleted without creating an ActiveClassRedictor to K2Node_DeadClass.
[2015.03.22-12.38.59:706][625]LogGraphPanel:Warning: Found NULL Node in GraphObj array. A node type has been deleted without creating an ActiveClassRedictor to K2Node_DeadClass.
[2015.03.22-12.38.59:706][625]LogGraphPanel:Warning: Found NULL Node in GraphObj array. A node type has been deleted without creating an ActiveClassRedictor to K2Node_DeadClass.
[2015.03.22-12.38.59:706][625]LogGraphPanel:Warning: Found NULL Node in GraphObj array. A node type has been deleted without creating an ActiveClassRedictor to K2Node_DeadClass.
[2015.03.22-12.39.01:276][699]LogEditorTransaction: Undo Delete current selection
[2015.03.22-12.39.01:415][699]LogGraphPanel:Warning: Found NULL Node in GraphObj array. A node type has been deleted without creating an ActiveClassRedictor to K2Node_DeadClass.
[2015.03.22-12.39.01:415][699]LogGraphPanel:Warning: Found NULL Node in GraphObj array. A node type has been deleted without creating an ActiveClassRedictor to K2Node_DeadClass.
[2015.03.22-12.39.01:415][699]LogGraphPanel:Warning: Found NULL Node in GraphObj array. A node type has been deleted without creating an ActiveClassRedictor to K2Node_DeadClass.
[2015.03.22-12.39.01:415][699]LogGraphPanel:Warning: Found NULL Node in GraphObj array. A node type has been deleted without creating an ActiveClassRedictor to K2Node_DeadClass.
[2015.03.22-12.39.02:820][772]LogEditorTransaction: Redo Delete current selection
[2015.03.22-12.39.03:014][772]LogGraphPanel:Warning: Found NULL Node in GraphObj array. A node type has been deleted without creating an ActiveClassRedictor to K2Node_DeadClass.
[2015.03.22-12.39.03:014][772]LogGraphPanel:Warning: Found NULL Node in GraphObj array. A node type has been deleted without creating an ActiveClassRedictor to K2Node_DeadClass.
[2015.03.22-12.39.03:014][772]LogGraphPanel:Warning: Found NULL Node in GraphObj array. A node type has been deleted without creating an ActiveClassRedictor to K2Node_DeadClass.
[2015.03.22-12.39.03:014][772]LogGraphPanel:Warning: Found NULL Node in GraphObj array. A node type has been deleted without creating an ActiveClassRedictor to K2Node_DeadClass.
[2015.03.22-12.39.03:474][791]LogEditorTransaction: Redo Add Node
[2015.03.22-12.39.03:665][791]LogGraphPanel:Warning: Found NULL Node in GraphObj array. A node type has been deleted without creating an ActiveClassRedictor to K2Node_DeadClass.
[2015.03.22-12.39.03:665][791]LogGraphPanel:Warning: Found NULL Node in GraphObj array. A node type has been deleted without creating an ActiveClassRedictor to K2Node_DeadClass.
[2015.03.22-12.39.03:665][791]LogGraphPanel:Warning: Found NULL Node in GraphObj array. A node type has been deleted without creating an ActiveClassRedictor to K2Node_DeadClass.
[2015.03.22-12.39.03:665][791]LogGraphPanel:Warning: Found NULL Node in GraphObj array. A node type has been deleted without creating an ActiveClassRedictor to K2Node_DeadClass.
[2015.03.22-12.39.07:764][998]Cmd: OBJ SAVEPACKAGE PACKAGE="/Game/Maps/Levelone" FILE="../../../../../../Users/TMoynihan/Documents/GitHub/GameJam/try_2/Content/Maps/Levelone.umap" SILENT=true AUTOSAVING=false KEEPDIRTY=false
[2015.03.22-12.39.08:063][998]LogSavePackage: Save=261.820374ms
[2015.03.22-12.39.08:063][998]LogSavePackage: Moving '../../../../../../Users/TMoynihan/Documents/GitHub/GameJam/try_2/Saved/LeveloneF4BEA88C4C8EF5462ACA338182997B33.tmp' to '../../../../../../Users/TMoynihan/Documents/GitHub/GameJam/try_2/Content/Maps/Levelone.umap'
[2015.03.22-12.39.08:105][998]LogFileHelpers: Saving map 'Levelone' took 0.726
[2015.03.22-12.39.08:123][998]Cmd: OBJ SAVEPACKAGE PACKAGE="/Game/BluePrints/Icantspellchamerlan" FILE="../../../../../../Users/TMoynihan/Documents/GitHub/GameJam/try_2/Content/BluePrints/Icantspellchamerlan.uasset" SILENT=true
[2015.03.22-12.39.08:593][998]LogSavePackage: Save=463.630676ms
[2015.03.22-12.39.08:593][998]LogSavePackage: Moving '../../../../../../Users/TMoynihan/Documents/GitHub/GameJam/try_2/Saved/IcantspellchamerlanDDFA6062445F4819293AC1B74A6E0646.tmp' to '../../../../../../Users/TMoynihan/Documents/GitHub/GameJam/try_2/Content/BluePrints/Icantspellchamerlan.uasset'
[2015.03.22-12.39.08:605][998]Cmd: OBJ SAVEPACKAGE PACKAGE="/Game/pngs/tongue_segment" FILE="../../../../../../Users/TMoynihan/Documents/GitHub/GameJam/try_2/Content/pngs/tongue_segment.uasset" SILENT=true
[2015.03.22-12.39.08:627][998]LogSavePackage: Save=15.555780ms
[2015.03.22-12.39.08:627][998]LogSavePackage: Moving '../../../../../../Users/TMoynihan/Documents/GitHub/GameJam/try_2/Saved/tongue_segment297F74074DB055DD5E686BBB1E9B094C.tmp' to '../../../../../../Users/TMoynihan/Documents/GitHub/GameJam/try_2/Content/pngs/tongue_segment.uasset'
[2015.03.22-12.39.08:644][998]Cmd: OBJ SAVEPACKAGE PACKAGE="/Game/pngs/gameover" FILE="../../../../../../Users/TMoynihan/Documents/GitHub/GameJam/try_2/Content/pngs/gameover.uasset" SILENT=true
[2015.03.22-12.39.11:805][998]LogSavePackage: Save=3154.917236ms
[2015.03.22-12.39.11:805][998]LogSavePackage: Moving '../../../../../../Users/TMoynihan/Documents/GitHub/GameJam/try_2/Saved/gameover0F02FEE042F3747BE8A0A4BCE6D8EE30.tmp' to '../../../../../../Users/TMoynihan/Documents/GitHub/GameJam/try_2/Content/pngs/gameover.uasset'
[2015.03.22-12.39.11:825][998]Cmd: OBJ SAVEPACKAGE PACKAGE="/Game/pngs/fly_1" FILE="../../../../../../Users/TMoynihan/Documents/GitHub/GameJam/try_2/Content/pngs/fly_1.uasset" SILENT=true
[2015.03.22-12.39.12:631][998]LogSavePackage: Save=799.148438ms
[2015.03.22-12.39.12:631][998]LogSavePackage: Moving '../../../../../../Users/TMoynihan/Documents/GitHub/GameJam/try_2/Saved/fly_1F842D3764D236ABE293C978D317EE679.tmp' to '../../../../../../Users/TMoynihan/Documents/GitHub/GameJam/try_2/Content/pngs/fly_1.uasset'
[2015.03.22-12.39.12:650][998]Cmd: OBJ SAVEPACKAGE PACKAGE="/Game/pngs/fly_2" FILE="../../../../../../Users/TMoynihan/Documents/GitHub/GameJam/try_2/Content/pngs/fly_2.uasset" SILENT=true
[2015.03.22-12.39.13:352][998]LogSavePackage: Save=694.688477ms
[2015.03.22-12.39.13:352][998]LogSavePackage: Moving '../../../../../../Users/TMoynihan/Documents/GitHub/GameJam/try_2/Saved/fly_256AB3E3E4AA028F69094679D72A26F56.tmp' to '../../../../../../Users/TMoynihan/Documents/GitHub/GameJam/try_2/Content/pngs/fly_2.uasset'
[2015.03.22-12.39.13:367][998]Cmd: OBJ SAVEPACKAGE PACKAGE="/Game/pngs/fly_3" FILE="../../../../../../Users/TMoynihan/Documents/GitHub/GameJam/try_2/Content/pngs/fly_3.uasset" SILENT=true
[2015.03.22-12.39.14:074][998]LogSavePackage: Save=699.839905ms
[2015.03.22-12.39.14:074][998]LogSavePackage: Moving '../../../../../../Users/TMoynihan/Documents/GitHub/GameJam/try_2/Saved/fly_350DA6D6B41293718408CB6AF4D4F984C.tmp' to '../../../../../../Users/TMoynihan/Documents/GitHub/GameJam/try_2/Content/pngs/fly_3.uasset'
[2015.03.22-12.39.14:091][998]Cmd: OBJ SAVEPACKAGE PACKAGE="/Game/pngs/fly_4" FILE="../../../../../../Users/TMoynihan/Documents/GitHub/GameJam/try_2/Content/pngs/fly_4.uasset" SILENT=true
[2015.03.22-12.39.14:732][998]LogSavePackage: Save=634.563354ms
[2015.03.22-12.39.14:732][998]LogSavePackage: Moving '../../../../../../Users/TMoynihan/Documents/GitHub/GameJam/try_2/Saved/fly_404F9DA1040309431F8386E98AFDA6758.tmp' to '../../../../../../Users/TMoynihan/Documents/GitHub/GameJam/try_2/Content/pngs/fly_4.uasset'
[2015.03.22-12.39.14:748][998]Cmd: OBJ SAVEPACKAGE PACKAGE="/Game/pngs/fly_5" FILE="../../../../../../Users/TMoynihan/Documents/GitHub/GameJam/try_2/Content/pngs/fly_5.uasset" SILENT=true
[2015.03.22-12.39.15:419][998]LogSavePackage: Save=664.888489ms
[2015.03.22-12.39.15:419][998]LogSavePackage: Moving '../../../../../../Users/TMoynihan/Documents/GitHub/GameJam/try_2/Saved/fly_5316BBD6548591681253A22908299E610.tmp' to '../../../../../../Users/TMoynihan/Documents/GitHub/GameJam/try_2/Content/pngs/fly_5.uasset'
[2015.03.22-12.39.15:435][998]Cmd: OBJ SAVEPACKAGE PACKAGE="/Game/pngs/mantissss" FILE="../../../../../../Users/TMoynihan/Documents/GitHub/GameJam/try_2/Content/pngs/mantissss.uasset" SILENT=true
[2015.03.22-12.39.15:584][998]LogSavePackage: Save=142.225388ms
[2015.03.22-12.39.15:584][998]LogSavePackage: Moving '../../../../../../Users/TMoynihan/Documents/GitHub/GameJam/try_2/Saved/mantissss907FB7584849C780691FCDBBD3AA703E.tmp' to '../../../../../../Users/TMoynihan/Documents/GitHub/GameJam/try_2/Content/pngs/mantissss.uasset'
[2015.03.22-12.39.15:600][998]Cmd: OBJ SAVEPACKAGE PACKAGE="/Game/pngs/stick_insect" FILE="../../../../../../Users/TMoynihan/Documents/GitHub/GameJam/try_2/Content/pngs/stick_insect.uasset" SILENT=true
[2015.03.22-12.39.15:882][998]LogSavePackage: Save=274.782867ms
[2015.03.22-12.39.15:882][998]LogSavePackage: Moving '../../../../../../Users/TMoynihan/Documents/GitHub/GameJam/try_2/Saved/stick_insectEC051DD14DED40C091730C8E0639C5E1.tmp' to '../../../../../../Users/TMoynihan/Documents/GitHub/GameJam/try_2/Content/pngs/stick_insect.uasset'
[2015.03.22-12.39.15:902][998]Cmd: OBJ SAVEPACKAGE PACKAGE="/Game/pngs/birdie" FILE="../../../../../../Users/TMoynihan/Documents/GitHub/GameJam/try_2/Content/pngs/birdie.uasset" SILENT=true
[2015.03.22-12.39.16:179][998]LogSavePackage: Save=269.961121ms
[2015.03.22-12.39.16:179][998]LogSavePackage: Moving '../../../../../../Users/TMoynihan/Documents/GitHub/GameJam/try_2/Saved/birdieDDF26B0C4B3616380DEA68B434ADF809.tmp' to '../../../../../../Users/TMoynihan/Documents/GitHub/GameJam/try_2/Content/pngs/birdie.uasset'
[2015.03.22-12.39.16:197][998]Cmd: OBJ SAVEPACKAGE PACKAGE="/Game/sounds/music" FILE="../../../../../../Users/TMoynihan/Documents/GitHub/GameJam/try_2/Content/sounds/music.uasset" SILENT=true
[2015.03.22-12.39.16:216][998]LogSavePackage: Save=9.613152ms
[2015.03.22-12.39.16:216][998]LogSavePackage: Moving '../../../../../../Users/TMoynihan/Documents/GitHub/GameJam/try_2/Saved/music2CB3925B4FA25F610950AB9533F20604.tmp' to '../../../../../../Users/TMoynihan/Documents/GitHub/GameJam/try_2/Content/sounds/music.uasset'
[2015.03.22-12.39.16:233][998]Cmd: OBJ SAVEPACKAGE PACKAGE="/Game/pngs/edgeofplainstile" FILE="../../../../../../Users/TMoynihan/Documents/GitHub/GameJam/try_2/Content/pngs/edgeofplainstile.uasset" SILENT=true
[2015.03.22-12.39.17:373][998]LogSavePackage: Save=1133.179688ms
[2015.03.22-12.39.17:373][998]LogSavePackage: Moving '../../../../../../Users/TMoynihan/Documents/GitHub/GameJam/try_2/Saved/edgeofplainstileD3785E3D417F74BBBF1ACDB3E179C156.tmp' to '../../../../../../Users/TMoynihan/Documents/GitHub/GameJam/try_2/Content/pngs/edgeofplainstile.uasset'
[2015.03.22-12.39.17:390][998]Cmd: OBJ SAVEPACKAGE PACKAGE="/Game/pngs/plainstile" FILE="../../../../../../Users/TMoynihan/Documents/GitHub/GameJam/try_2/Content/pngs/plainstile.uasset" SILENT=true
[2015.03.22-12.39.18:152][998]LogSavePackage: Save=754.991028ms
[2015.03.22-12.39.18:152][998]LogSavePackage: Moving '../../../../../../Users/TMoynihan/Documents/GitHub/GameJam/try_2/Saved/plainstile99252CF44CE4CBCE869F268C7C294F4E.tmp' to '../../../../../../Users/TMoynihan/Documents/GitHub/GameJam/try_2/Content/pngs/plainstile.uasset'
[2015.03.22-12.39.18:168][998]Cmd: OBJ SAVEPACKAGE PACKAGE="/Game/pngs/sky" FILE="../../../../../../Users/TMoynihan/Documents/GitHub/GameJam/try_2/Content/pngs/sky.uasset" SILENT=true
[2015.03.22-12.39.18:243][998]LogSavePackage: Save=67.634186ms
[2015.03.22-12.39.18:243][998]LogSavePackage: Moving '../../../../../../Users/TMoynihan/Documents/GitHub/GameJam/try_2/Saved/skyEDEBE4274518E01F695C989F5EE5F545.tmp' to '../../../../../../Users/TMoynihan/Documents/GitHub/GameJam/try_2/Content/pngs/sky.uasset'
[2015.03.22-12.39.18:259][998]Cmd: OBJ SAVEPACKAGE PACKAGE="/Game/pngs/skytree" FILE="../../../../../../Users/TMoynihan/Documents/GitHub/GameJam/try_2/Content/pngs/skytree.uasset" SILENT=true
[2015.03.22-12.39.18:446][998]LogSavePackage: Save=179.371948ms
[2015.03.22-12.39.18:446][998]LogSavePackage: Moving '../../../../../../Users/TMoynihan/Documents/GitHub/GameJam/try_2/Saved/skytreeE0D8D8DA46462EE12887F3BDAF47C4EB.tmp' to '../../../../../../Users/TMoynihan/Documents/GitHub/GameJam/try_2/Content/pngs/skytree.uasset'
[2015.03.22-12.39.18:456][998]Cmd: OBJ SAVEPACKAGE PACKAGE="/Game/pngs/soil" FILE="../../../../../../Users/TMoynihan/Documents/GitHub/GameJam/try_2/Content/pngs/soil.uasset" SILENT=true
[2015.03.22-12.39.18:689][998]LogSavePackage: Save=226.100861ms
[2015.03.22-12.39.18:690][998]LogSavePackage: Moving '../../../../../../Users/TMoynihan/Documents/GitHub/GameJam/try_2/Saved/soil53FB3B034D74AD576CC45C863F3CC2CB.tmp' to '../../../../../../Users/TMoynihan/Documents/GitHub/GameJam/try_2/Content/pngs/soil.uasset'
[2015.03.22-12.39.18:705][998]Cmd: OBJ SAVEPACKAGE PACKAGE="/Game/pngs/Point_A" FILE="../../../../../../Users/TMoynihan/Documents/GitHub/GameJam/try_2/Content/pngs/Point_A.uasset" SILENT=true
[2015.03.22-12.39.18:726][998]LogSavePackage: Save=12.571637ms
[2015.03.22-12.39.18:726][998]LogSavePackage: Moving '../../../../../../Users/TMoynihan/Documents/GitHub/GameJam/try_2/Saved/Point_AF13112B344085616460FF4962640792A.tmp' to '../../../../../../Users/TMoynihan/Documents/GitHub/GameJam/try_2/Content/pngs/Point_A.uasset'
[2015.03.22-12.39.18:737][998]Cmd: OBJ SAVEPACKAGE PACKAGE="/Game/pngs/Point_B" FILE="../../../../../../Users/TMoynihan/Documents/GitHub/GameJam/try_2/Content/pngs/Point_B.uasset" SILENT=true
[2015.03.22-12.39.18:755][998]LogSavePackage: Save=10.926039ms
[2015.03.22-12.39.18:755][998]LogSavePackage: Moving '../../../../../../Users/TMoynihan/Documents/GitHub/GameJam/try_2/Saved/Point_B86EDDD464AD9C0FF3E35468C43D67C61.tmp' to '../../../../../../Users/TMoynihan/Documents/GitHub/GameJam/try_2/Content/pngs/Point_B.uasset'
[2015.03.22-12.39.18:772][998]Cmd: OBJ SAVEPACKAGE PACKAGE="/Game/pngs/BirdPlaceholder" FILE="../../../../../../Users/TMoynihan/Documents/GitHub/GameJam/try_2/Content/pngs/BirdPlaceholder.uasset" SILENT=true
[2015.03.22-12.39.18:802][998]LogSavePackage: Save=22.541021ms
[2015.03.22-12.39.18:802][998]LogSavePackage: Moving '../../../../../../Users/TMoynihan/Documents/GitHub/GameJam/try_2/Saved/BirdPlaceholderF23410654394D0B08B289FA5E3333EDD.tmp' to '../../../../../../Users/TMoynihan/Documents/GitHub/GameJam/try_2/Content/pngs/BirdPlaceholder.uasset'
[2015.03.22-12.39.18:818][998]Cmd: OBJ SAVEPACKAGE PACKAGE="/Game/pngs/logo-transparent" FILE="../../../../../../Users/TMoynihan/Documents/GitHub/GameJam/try_2/Content/pngs/logo-transparent.uasset" SILENT=true
[2015.03.22-12.39.19:383][998]LogSavePackage: Save=556.072021ms
[2015.03.22-12.39.19:383][998]LogSavePackage: Moving '../../../../../../Users/TMoynihan/Documents/GitHub/GameJam/try_2/Saved/logo-transparentE285D8A342CC26664A98DEB59516A2C5.tmp' to '../../../../../../Users/TMoynihan/Documents/GitHub/GameJam/try_2/Content/pngs/logo-transparent.uasset'
[2015.03.22-12.39.19:398][998]Cmd: OBJ SAVEPACKAGE PACKAGE="/Game/pngs/logo" FILE="../../../../../../Users/TMoynihan/Documents/GitHub/GameJam/try_2/Content/pngs/logo.uasset" SILENT=true
[2015.03.22-12.39.19:963][998]LogSavePackage: Save=555.806458ms
[2015.03.22-12.39.19:963][998]LogSavePackage: Moving '../../../../../../Users/TMoynihan/Documents/GitHub/GameJam/try_2/Saved/logo5BA36A87485977240410D4B80F4B3EA7.tmp' to '../../../../../../Users/TMoynihan/Documents/GitHub/GameJam/try_2/Content/pngs/logo.uasset'
[2015.03.22-12.39.19:979][998]Cmd: OBJ SAVEPACKAGE PACKAGE="/Game/pngs/logocoloured" FILE="../../../../../../Users/TMoynihan/Documents/GitHub/GameJam/try_2/Content/pngs/logocoloured.uasset" SILENT=true
[2015.03.22-12.39.20:396][998]LogSavePackage: Save=409.141632ms
[2015.03.22-12.39.20:396][998]LogSavePackage: Moving '../../../../../../Users/TMoynihan/Documents/GitHub/GameJam/try_2/Saved/logocolouredF086EE0449F2AFFAB9D6A7B465FA3CEE.tmp' to '../../../../../../Users/TMoynihan/Documents/GitHub/GameJam/try_2/Content/pngs/logocoloured.uasset'
[2015.03.22-12.39.20:412][998]Cmd: OBJ SAVEPACKAGE PACKAGE="/Game/pngs/menubg" FILE="../../../../../../Users/TMoynihan/Documents/GitHub/GameJam/try_2/Content/pngs/menubg.uasset" SILENT=true
[2015.03.22-12.39.24:868][998]LogSavePackage: Save=4447.047363ms
[2015.03.22-12.39.24:868][998]LogSavePackage: Moving '../../../../../../Users/TMoynihan/Documents/GitHub/GameJam/try_2/Saved/menubgD62DC6EF436290F61F5EF08BDDDC4A71.tmp' to '../../../../../../Users/TMoynihan/Documents/GitHub/GameJam/try_2/Content/pngs/menubg.uasset'
[2015.03.22-12.39.24:878][998]Cmd: OBJ SAVEPACKAGE PACKAGE="/Game/pngs/piss" FILE="../../../../../../Users/TMoynihan/Documents/GitHub/GameJam/try_2/Content/pngs/piss.uasset" SILENT=true
[2015.03.22-12.39.24:899][998]LogSavePackage: Save=13.259298ms
[2015.03.22-12.39.24:899][998]LogSavePackage: Moving '../../../../../../Users/TMoynihan/Documents/GitHub/GameJam/try_2/Saved/pissD6491C0F492A6AD6C802E4A1FB8D409C.tmp' to '../../../../../../Users/TMoynihan/Documents/GitHub/GameJam/try_2/Content/pngs/piss.uasset'
[2015.03.22-12.39.24:910][998]Cmd: OBJ SAVEPACKAGE PACKAGE="/Game/pngs/tongue_tip" FILE="../../../../../../Users/TMoynihan/Documents/GitHub/GameJam/try_2/Content/pngs/tongue_tip.uasset" SILENT=true
[2015.03.22-12.39.24:967][998]LogSavePackage: Save=49.388481ms
[2015.03.22-12.39.24:967][998]LogSavePackage: Moving '../../../../../../Users/TMoynihan/Documents/GitHub/GameJam/try_2/Saved/tongue_tip5ABC31E64AA2E47D638314BE9400E56D.tmp' to '../../../../../../Users/TMoynihan/Documents/GitHub/GameJam/try_2/Content/pngs/tongue_tip.uasset'
[2015.03.22-12.39.26:592][ 94]BlueprintLog: New page: Compile Icantspellchamerlan
[2015.03.22-12.39.26:932][ 94]BlueprintEditorCompileResults: Info [0527.37] Compile of Icantspellchamerlan successful! [in 339 ms]
[2015.03.22-12.40.02:367][665]BlueprintLog: New page: Pre-PIE auto-recompile
[2015.03.22-12.40.02:371][665]LogPlayLevel: [PIE] Compiling Bug before PIE...
[2015.03.22-12.40.02:462][665]LogPlayLevel: [PIE] Compiling Bird before PIE...
[2015.03.22-12.40.02:595][665]LogPlayLevel: [PIE] Compiling Levelone before PIE...
[2015.03.22-12.40.02:676][665]LogPlayLevel: [PIE] Compiling HUD before PIE...
[2015.03.22-12.40.02:771][665]LogPlayLevel: [PIE] Compiling Icantspellchamerlan before PIE...
[2015.03.22-12.40.03:099][665]LogPlayLevel: PIE:  Blueprint regeneration took 731 ms (5 blueprints)
[2015.03.22-12.40.03:099][665]PIE: New page: PIE session: Levelone (22 Mar 2015 12:40:03)
[2015.03.22-12.40.03:115][665]LogBlueprint:Warning: FMemberReference::ResolveMember (K2_DestroyActor) bSelfContext == true, but no scope supplied!
[2015.03.22-12.40.03:115][665]LogBlueprint:Warning: FMemberReference::ResolveMember (K2_DestroyActor) bSelfContext == true, but no scope supplied!
[2015.03.22-12.40.03:115][665]LogBlueprint:Warning: FMemberReference::ResolveMember (K2_DestroyActor) bSelfContext == true, but no scope supplied!
[2015.03.22-12.40.03:115][665]LogBlueprint:Warning: FMemberReference::ResolveMember (K2_DestroyActor) bSelfContext == true, but no scope supplied!
[2015.03.22-12.40.03:116][665]LogBlueprint:Warning: FMemberReference::ResolveMember (K2_DestroyActor) bSelfContext == true, but no scope supplied!
[2015.03.22-12.40.03:116][665]LogBlueprint:Warning: FMemberReference::ResolveMember (K2_DestroyActor) bSelfContext == true, but no scope supplied!
[2015.03.22-12.40.03:116][665]LogBlueprint:Warning: FMemberReference::ResolveMember (K2_DestroyActor) bSelfContext == true, but no scope supplied!
[2015.03.22-12.40.03:116][665]LogBlueprint:Warning: FMemberReference::ResolveMember (K2_DestroyActor) bSelfContext == true, but no scope supplied!
[2015.03.22-12.40.03:116][665]LogBlueprint:Warning: FMemberReference::ResolveMember (K2_DestroyActor) bSelfContext == true, but no scope supplied!
[2015.03.22-12.40.03:116][665]LogBlueprint:Warning: FMemberReference::ResolveMember (K2_DestroyActor) bSelfContext == true, but no scope supplied!
[2015.03.22-12.40.03:116][665]LogBlueprint:Warning: FMemberReference::ResolveMember (K2_DestroyActor) bSelfContext == true, but no scope supplied!
[2015.03.22-12.40.03:116][665]LogBlueprint:Warning: FMemberReference::ResolveMember (K2_DestroyActor) bSelfContext == true, but no scope supplied!
[2015.03.22-12.40.03:117][665]LogBlueprint:Warning: FMemberReference::ResolveMember (K2_DestroyActor) bSelfContext == true, but no scope supplied!
[2015.03.22-12.40.03:117][665]LogBlueprint:Warning: FMemberReference::ResolveMember (K2_DestroyActor) bSelfContext == true, but no scope supplied!
[2015.03.22-12.40.03:117][665]LogBlueprint:Warning: FMemberReference::ResolveMember (K2_DestroyActor) bSelfContext == true, but no scope supplied!
[2015.03.22-12.40.03:117][665]LogBlueprint:Warning: FMemberReference::ResolveMember (K2_DestroyActor) bSelfContext == true, but no scope supplied!
[2015.03.22-12.40.03:117][665]LogBlueprint:Warning: FMemberReference::ResolveMember (K2_DestroyActor) bSelfContext == true, but no scope supplied!
[2015.03.22-12.40.03:117][665]LogBlueprint:Warning: FMemberReference::ResolveMember (K2_DestroyActor) bSelfContext == true, but no scope supplied!
[2015.03.22-12.40.03:120][665]LogPlayLevel: PIE: StaticDuplicateObject took: (0.021063s)
[2015.03.22-12.40.03:121][665]LogPlayLevel: PIE: World Init took: (0.000527s)
[2015.03.22-12.40.03:121][665]LogPlayLevel: PIE: Created PIE world by copying editor world from /Game/Maps/Levelone.Levelone to /Game/Maps/UEDPIE_0_Levelone.Levelone (0.021776s)
[2015.03.22-12.40.03:221][665]LogWorld: Game class is 'TwinStickGameMode_C'
[2015.03.22-12.40.03:224][665]LogAIModule: Creating AISystem for world Levelone
[2015.03.22-12.40.03:250][665]LogWorld: Bringing World /Game/Maps/UEDPIE_0_Levelone.Levelone up for play (max tick rate 60) at 2015.03.22-12.40.03
[2015.03.22-12.40.03:255][665]LogWorld: Bringing up level for play took: 0.031014
[2015.03.22-12.40.03:259][665]PIE: Info Play in editor start time for /Game/Maps/UEDPIE_0_Levelone 1.561
[2015.03.22-12.40.03:858][699]LogBlueprintUserMessages: 6
[2015.03.22-12.40.04:442][734]LogBlueprintUserMessages: 11
[2015.03.22-12.40.04:759][753]LogBlueprintUserMessages: Player found
[2015.03.22-12.40.05:526][799]LogBlueprintUserMessages: Play died
[2015.03.22-12.40.05:543][800]LogBlueprintUserMessages: Play died
[2015.03.22-12.40.05:559][801]LogBlueprintUserMessages: Play died
[2015.03.22-12.40.05:576][802]LogBlueprintUserMessages: Play died
[2015.03.22-12.40.05:593][803]LogBlueprintUserMessages: Play died
[2015.03.22-12.40.05:610][804]LogBlueprintUserMessages: Play died
[2015.03.22-12.40.05:627][805]LogBlueprintUserMessages: Play died
[2015.03.22-12.40.05:643][806]LogBlueprintUserMessages: Play died
[2015.03.22-12.40.05:660][807]LogBlueprintUserMessages: Play died
[2015.03.22-12.40.05:676][808]LogBlueprintUserMessages: Play died
[2015.03.22-12.40.05:693][809]LogBlueprintUserMessages: Play died
[2015.03.22-12.40.05:710][810]LogBlueprintUserMessages: Play died
[2015.03.22-12.40.05:726][811]LogBlueprintUserMessages: Play died
[2015.03.22-12.40.05:743][812]LogBlueprintUserMessages: Play died
[2015.03.22-12.40.05:760][813]LogBlueprintUserMessages: Play died
[2015.03.22-12.40.05:776][814]LogBlueprintUserMessages: Play died
[2015.03.22-12.40.05:793][815]LogBlueprintUserMessages: Play died
[2015.03.22-12.40.05:810][816]LogBlueprintUserMessages: Play died
[2015.03.22-12.40.05:827][817]LogBlueprintUserMessages: Play died
[2015.03.22-12.40.05:843][818]LogBlueprintUserMessages: Play died
[2015.03.22-12.40.05:860][819]LogBlueprintUserMessages: Play died
[2015.03.22-12.40.05:877][820]LogBlueprintUserMessages: Play died
[2015.03.22-12.40.05:893][821]LogBlueprintUserMessages: Play died
[2015.03.22-12.40.05:894][821]LogBlueprintUserMessages: 1
[2015.03.22-12.40.05:911][822]LogBlueprintUserMessages: Play died
[2015.03.22-12.40.05:926][823]LogBlueprintUserMessages: Play died
[2015.03.22-12.40.05:943][824]LogBlueprintUserMessages: Play died
[2015.03.22-12.40.05:960][825]LogBlueprintUserMessages: Play died
[2015.03.22-12.40.05:976][826]LogBlueprintUserMessages: Play died
[2015.03.22-12.40.05:993][827]LogBlueprintUserMessages: Play died
[2015.03.22-12.40.06:010][828]LogBlueprintUserMessages: Play died
[2015.03.22-12.40.06:026][829]LogBlueprintUserMessages: Play died
[2015.03.22-12.40.06:043][830]LogBlueprintUserMessages: Play died
[2015.03.22-12.40.06:059][831]LogBlueprintUserMessages: Play died
[2015.03.22-12.40.06:076][832]LogBlueprintUserMessages: Play died
[2015.03.22-12.40.06:093][833]LogBlueprintUserMessages: Play died
[2015.03.22-12.40.06:110][834]LogBlueprintUserMessages: Play died
[2015.03.22-12.40.06:126][835]LogBlueprintUserMessages: Play died
[2015.03.22-12.40.06:143][836]LogBlueprintUserMessages: Play died
[2015.03.22-12.40.06:160][837]LogBlueprintUserMessages: Play died
[2015.03.22-12.40.06:176][838]LogBlueprintUserMessages: Play died
[2015.03.22-12.40.06:193][839]LogBlueprintUserMessages: Play died
[2015.03.22-12.40.06:210][840]LogBlueprintUserMessages: Play died
[2015.03.22-12.40.06:226][841]LogBlueprintUserMessages: Play died
[2015.03.22-12.40.06:243][842]LogBlueprintUserMessages: Play died
[2015.03.22-12.40.06:260][843]LogBlueprintUserMessages: Play died
[2015.03.22-12.40.06:276][844]LogBlueprintUserMessages: Play died
[2015.03.22-12.40.06:293][845]LogBlueprintUserMessages: Play died
[2015.03.22-12.40.06:310][846]LogBlueprintUserMessages: Play died
[2015.03.22-12.40.06:326][847]LogBlueprintUserMessages: Play died
[2015.03.22-12.40.06:343][848]LogBlueprintUserMessages: Play died
[2015.03.22-12.40.06:360][849]LogBlueprintUserMessages: Play died
[2015.03.22-12.40.06:376][850]LogBlueprintUserMessages: Play died
[2015.03.22-12.40.06:393][851]LogBlueprintUserMessages: Play died
[2015.03.22-12.40.06:409][852]LogBlueprintUserMessages: Play died
[2015.03.22-12.40.06:426][853]LogBlueprintUserMessages: Play died
[2015.03.22-12.40.06:443][854]LogBlueprintUserMessages: Play died
[2015.03.22-12.40.06:460][855]LogBlueprintUserMessages: Play died
[2015.03.22-12.40.06:476][856]LogBlueprintUserMessages: Play died
[2015.03.22-12.40.06:493][857]LogBlueprintUserMessages: Play died
[2015.03.22-12.40.06:510][858]LogBlueprintUserMessages: Play died
[2015.03.22-12.40.06:526][859]LogBlueprintUserMessages: Play died
[2015.03.22-12.40.06:543][860]LogBlueprintUserMessages: Play died
[2015.03.22-12.40.06:559][861]LogBlueprintUserMessages: Play died
[2015.03.22-12.40.06:576][862]LogBlueprintUserMessages: Play died
[2015.03.22-12.40.06:593][863]LogBlueprintUserMessages: Play died
[2015.03.22-12.40.06:610][864]LogBlueprintUserMessages: Play died
[2015.03.22-12.40.06:626][865]LogBlueprintUserMessages: Play died
[2015.03.22-12.40.06:643][866]LogBlueprintUserMessages: Play died
[2015.03.22-12.40.06:659][867]LogBlueprintUserMessages: Play died
[2015.03.22-12.40.06:676][868]LogBlueprintUserMessages: Play died
[2015.03.22-12.40.06:693][869]LogBlueprintUserMessages: Play died
[2015.03.22-12.40.06:709][870]LogBlueprintUserMessages: Play died
[2015.03.22-12.40.06:726][871]LogBlueprintUserMessages: Play died
[2015.03.22-12.40.06:743][872]LogBlueprintUserMessages: Play died
[2015.03.22-12.40.06:759][873]LogBlueprintUserMessages: Play died
[2015.03.22-12.40.06:776][874]LogBlueprintUserMessages: Play died
[2015.03.22-12.40.06:793][875]LogBlueprintUserMessages: Play died
[2015.03.22-12.40.06:810][876]LogBlueprintUserMessages: Play died
[2015.03.22-12.40.06:826][877]LogBlueprintUserMessages: Play died
[2015.03.22-12.40.06:843][878]LogBlueprintUserMessages: Play died
[2015.03.22-12.40.06:859][879]LogBlueprintUserMessages: Play died
[2015.03.22-12.40.06:876][880]LogBlueprintUserMessages: Play died
[2015.03.22-12.40.06:893][881]LogBlueprintUserMessages: Play died
[2015.03.22-12.40.06:909][882]LogBlueprintUserMessages: Play died
[2015.03.22-12.40.06:926][883]LogBlueprintUserMessages: Play died
[2015.03.22-12.40.06:943][884]LogBlueprintUserMessages: Play died
[2015.03.22-12.40.06:959][885]LogBlueprintUserMessages: Play died
[2015.03.22-12.40.06:976][886]LogBlueprintUserMessages: Play died
[2015.03.22-12.40.06:995][887]LogBlueprintUserMessages: Play died
[2015.03.22-12.40.07:012][888]LogBlueprintUserMessages: Play died
[2015.03.22-12.40.07:029][889]LogBlueprintUserMessages: Play died
[2015.03.22-12.40.07:043][890]LogBlueprintUserMessages: Play died
[2015.03.22-12.40.07:059][891]LogBlueprintUserMessages: Play died
[2015.03.22-12.40.07:076][892]LogBlueprintUserMessages: Play died
[2015.03.22-12.40.07:093][893]LogBlueprintUserMessages: Play died
[2015.03.22-12.40.07:110][894]LogBlueprintUserMessages: Play died
[2015.03.22-12.40.07:126][895]LogBlueprintUserMessages: Play died
[2015.03.22-12.40.07:143][896]LogBlueprintUserMessages: Play died
[2015.03.22-12.40.07:159][897]LogBlueprintUserMessages: Play died
[2015.03.22-12.40.07:177][898]LogBlueprintUserMessages: Play died
[2015.03.22-12.40.07:194][899]LogBlueprintUserMessages: Play died
[2015.03.22-12.40.07:210][900]LogBlueprintUserMessages: Play died
[2015.03.22-12.40.07:226][901]LogBlueprintUserMessages: Play died
[2015.03.22-12.40.07:243][902]LogBlueprintUserMessages: Play died
[2015.03.22-12.40.07:259][903]LogBlueprintUserMessages: Play died
[2015.03.22-12.40.07:276][904]LogBlueprintUserMessages: Play died
[2015.03.22-12.40.07:293][905]LogBlueprintUserMessages: Play died
[2015.03.22-12.40.07:309][906]LogBlueprintUserMessages: Play died
[2015.03.22-12.40.07:326][907]LogBlueprintUserMessages: Play died
[2015.03.22-12.40.07:344][908]LogBlueprintUserMessages: Play died
[2015.03.22-12.40.07:361][909]LogBlueprintUserMessages: Play died
[2015.03.22-12.40.07:376][910]LogBlueprintUserMessages: Play died
[2015.03.22-12.40.07:393][911]LogBlueprintUserMessages: Play died
[2015.03.22-12.40.07:409][912]LogBlueprintUserMessages: Play died
[2015.03.22-12.40.07:426][913]LogBlueprintUserMessages: Play died
[2015.03.22-12.40.07:443][914]LogBlueprintUserMessages: Play died
[2015.03.22-12.40.07:459][915]LogBlueprintUserMessages: Play died
[2015.03.22-12.40.07:476][916]LogBlueprintUserMessages: Play died
[2015.03.22-12.40.07:493][917]LogBlueprintUserMessages: Play died
[2015.03.22-12.40.07:509][918]LogBlueprintUserMessages: Play died
[2015.03.22-12.40.07:526][919]LogBlueprintUserMessages: Play died
[2015.03.22-12.40.07:543][920]LogBlueprintUserMessages: Play died
[2015.03.22-12.40.07:559][921]LogBlueprintUserMessages: Play died
[2015.03.22-12.40.07:576][922]LogBlueprintUserMessages: Play died
[2015.03.22-12.40.07:593][923]LogBlueprintUserMessages: Play died
[2015.03.22-12.40.07:610][924]LogBlueprintUserMessages: Play died
[2015.03.22-12.40.07:626][925]LogBlueprintUserMessages: Play died
[2015.03.22-12.40.07:643][926]LogBlueprintUserMessages: Play died
[2015.03.22-12.40.07:660][927]LogBlueprintUserMessages: Play died
[2015.03.22-12.40.07:676][928]LogBlueprintUserMessages: Play died
[2015.03.22-12.40.07:693][929]LogBlueprintUserMessages: Play died
[2015.03.22-12.40.07:710][930]LogBlueprintUserMessages: Play died
[2015.03.22-12.40.07:726][931]LogBlueprintUserMessages: Play died
[2015.03.22-12.40.07:743][932]LogBlueprintUserMessages: Play died
[2015.03.22-12.40.07:759][933]LogBlueprintUserMessages: Play died
[2015.03.22-12.40.07:776][934]LogBlueprintUserMessages: Play died
[2015.03.22-12.40.07:793][935]LogBlueprintUserMessages: Play died
[2015.03.22-12.40.07:809][936]LogBlueprintUserMessages: Play died
[2015.03.22-12.40.07:826][937]LogBlueprintUserMessages: Play died
[2015.03.22-12.40.07:843][938]LogBlueprintUserMessages: Play died
[2015.03.22-12.40.07:860][939]LogBlueprintUserMessages: Play died
[2015.03.22-12.40.07:876][940]LogBlueprintUserMessages: Play died
[2015.03.22-12.40.07:893][941]LogBlueprintUserMessages: Play died
[2015.03.22-12.40.07:909][942]LogBlueprintUserMessages: Play died
[2015.03.22-12.40.07:926][943]LogBlueprintUserMessages: Play died
[2015.03.22-12.40.07:942][944]LogBlueprintUserMessages: Play died
[2015.03.22-12.40.07:959][945]LogBlueprintUserMessages: Play died
[2015.03.22-12.40.07:976][946]LogBlueprintUserMessages: Play died
[2015.03.22-12.40.07:992][947]LogBlueprintUserMessages: Play died
[2015.03.22-12.40.08:009][948]LogBlueprintUserMessages: Play died
[2015.03.22-12.40.08:026][949]LogBlueprintUserMessages: Play died
[2015.03.22-12.40.08:042][950]LogBlueprintUserMessages: Play died
[2015.03.22-12.40.08:059][951]LogBlueprintUserMessages: Play died
[2015.03.22-12.40.08:076][952]LogBlueprintUserMessages: Play died
[2015.03.22-12.40.08:092][953]LogBlueprintUserMessages: Play died
[2015.03.22-12.40.08:109][954]LogBlueprintUserMessages: Play died
[2015.03.22-12.40.08:126][955]LogBlueprintUserMessages: Play died
[2015.03.22-12.40.08:142][956]LogBlueprintUserMessages: Play died
[2015.03.22-12.40.08:893][  1]LogBlueprintUserMessages: 2
[2015.03.22-12.40.10:348][ 83]LogParticles: Destroying 0 GPU particle simulations for FXSystem 0x0000000038C2F880
[2015.03.22-12.40.11:092][126]BlueprintLog: New page: Pre-PIE auto-recompile
[2015.03.22-12.40.11:095][126]LogPlayLevel: [PIE] Compiling Bug before PIE...
[2015.03.22-12.40.11:184][126]LogPlayLevel: [PIE] Compiling Bird before PIE...
[2015.03.22-12.40.11:317][126]LogPlayLevel: [PIE] Compiling Levelone before PIE...
[2015.03.22-12.40.11:397][126]LogPlayLevel: [PIE] Compiling HUD before PIE...
[2015.03.22-12.40.11:461][126]LogPlayLevel: [PIE] Compiling Icantspellchamerlan before PIE...
[2015.03.22-12.40.11:772][126]LogPlayLevel: PIE:  Blueprint regeneration took 679 ms (5 blueprints)
[2015.03.22-12.40.11:772][126]PIE: New page: PIE session: Levelone (22 Mar 2015 12:40:11)
[2015.03.22-12.40.11:786][126]LogBlueprint:Warning: FMemberReference::ResolveMember (K2_DestroyActor) bSelfContext == true, but no scope supplied!
[2015.03.22-12.40.11:786][126]LogBlueprint:Warning: FMemberReference::ResolveMember (K2_DestroyActor) bSelfContext == true, but no scope supplied!
[2015.03.22-12.40.11:786][126]LogBlueprint:Warning: FMemberReference::ResolveMember (K2_DestroyActor) bSelfContext == true, but no scope supplied!
[2015.03.22-12.40.11:786][126]LogBlueprint:Warning: FMemberReference::ResolveMember (K2_DestroyActor) bSelfContext == true, but no scope supplied!
[2015.03.22-12.40.11:787][126]LogBlueprint:Warning: FMemberReference::ResolveMember (K2_DestroyActor) bSelfContext == true, but no scope supplied!
[2015.03.22-12.40.11:787][126]LogBlueprint:Warning: FMemberReference::ResolveMember (K2_DestroyActor) bSelfContext == true, but no scope supplied!
[2015.03.22-12.40.11:787][126]LogBlueprint:Warning: FMemberReference::ResolveMember (K2_DestroyActor) bSelfContext == true, but no scope supplied!
[2015.03.22-12.40.11:787][126]LogBlueprint:Warning: FMemberReference::ResolveMember (K2_DestroyActor) bSelfContext == true, but no scope supplied!
[2015.03.22-12.40.11:787][126]LogBlueprint:Warning: FMemberReference::ResolveMember (K2_DestroyActor) bSelfContext == true, but no scope supplied!
[2015.03.22-12.40.11:787][126]LogBlueprint:Warning: FMemberReference::ResolveMember (K2_DestroyActor) bSelfContext == true, but no scope supplied!
[2015.03.22-12.40.11:787][126]LogBlueprint:Warning: FMemberReference::ResolveMember (K2_DestroyActor) bSelfContext == true, but no scope supplied!
[2015.03.22-12.40.11:787][126]LogBlueprint:Warning: FMemberReference::ResolveMember (K2_DestroyActor) bSelfContext == true, but no scope supplied!
[2015.03.22-12.40.11:787][126]LogBlueprint:Warning: FMemberReference::ResolveMember (K2_DestroyActor) bSelfContext == true, but no scope supplied!
[2015.03.22-12.40.11:787][126]LogBlueprint:Warning: FMemberReference::ResolveMember (K2_DestroyActor) bSelfContext == true, but no scope supplied!
[2015.03.22-12.40.11:787][126]LogBlueprint:Warning: FMemberReference::ResolveMember (K2_DestroyActor) bSelfContext == true, but no scope supplied!
[2015.03.22-12.40.11:788][126]LogBlueprint:Warning: FMemberReference::ResolveMember (K2_DestroyActor) bSelfContext == true, but no scope supplied!
[2015.03.22-12.40.11:788][126]LogBlueprint:Warning: FMemberReference::ResolveMember (K2_DestroyActor) bSelfContext == true, but no scope supplied!
[2015.03.22-12.40.11:788][126]LogBlueprint:Warning: FMemberReference::ResolveMember (K2_DestroyActor) bSelfContext == true, but no scope supplied!
[2015.03.22-12.40.11:791][126]LogPlayLevel: PIE: StaticDuplicateObject took: (0.018764s)
[2015.03.22-12.40.11:791][126]LogPlayLevel: PIE: World Init took: (0.000432s)
[2015.03.22-12.40.11:791][126]LogPlayLevel: PIE: Created PIE world by copying editor world from /Game/Maps/Levelone.Levelone to /Game/Maps/UEDPIE_0_Levelone.Levelone (0.019357s)
[2015.03.22-12.40.11:826][126]LogWorld: Game class is 'TwinStickGameMode_C'
[2015.03.22-12.40.11:828][126]LogAIModule: Creating AISystem for world Levelone
[2015.03.22-12.40.11:853][126]LogWorld: Bringing World /Game/Maps/UEDPIE_0_Levelone.Levelone up for play (max tick rate 60) at 2015.03.22-12.40.11
[2015.03.22-12.40.11:859][126]LogWorld: Bringing up level for play took: 0.030484
[2015.03.22-12.40.11:862][126]PIE: Info Play in editor start time for /Game/Maps/UEDPIE_0_Levelone 0.164
[2015.03.22-12.40.12:122][141]LogBlueprintUserMessages: 6
[2015.03.22-12.40.12:706][176]LogBlueprintUserMessages: 11
[2015.03.22-12.40.13:123][201]LogBlueprintUserMessages: Player found
[2015.03.22-12.40.13:889][247]LogBlueprintUserMessages: Play died
[2015.03.22-12.40.13:906][248]LogBlueprintUserMessages: Play died
[2015.03.22-12.40.13:922][249]LogBlueprintUserMessages: Play died
[2015.03.22-12.40.13:939][250]LogBlueprintUserMessages: Play died
[2015.03.22-12.40.13:956][251]LogBlueprintUserMessages: Play died
[2015.03.22-12.40.13:972][252]LogBlueprintUserMessages: Play died
[2015.03.22-12.40.13:989][253]LogBlueprintUserMessages: Play died
[2015.03.22-12.40.14:006][254]LogBlueprintUserMessages: Play died
[2015.03.22-12.40.14:022][255]LogBlueprintUserMessages: Play died
[2015.03.22-12.40.14:039][256]LogBlueprintUserMessages: Play died
[2015.03.22-12.40.14:056][257]LogBlueprintUserMessages: Play died
[2015.03.22-12.40.14:072][258]LogBlueprintUserMessages: Play died
[2015.03.22-12.40.14:089][259]LogBlueprintUserMessages: Play died
[2015.03.22-12.40.14:106][260]LogBlueprintUserMessages: Play died
[2015.03.22-12.40.14:123][261]LogBlueprintUserMessages: Play died
[2015.03.22-12.40.14:139][262]LogBlueprintUserMessages: Play died
[2015.03.22-12.40.14:156][263]LogBlueprintUserMessages: Play died
[2015.03.22-12.40.14:173][264]LogBlueprintUserMessages: Play died
[2015.03.22-12.40.14:190][265]LogBlueprintUserMessages: Play died
[2015.03.22-12.40.14:206][266]LogBlueprintUserMessages: Play died
[2015.03.22-12.40.14:222][267]LogBlueprintUserMessages: Play died
[2015.03.22-12.40.14:240][268]LogBlueprintUserMessages: Play died
[2015.03.22-12.40.14:256][269]LogBlueprintUserMessages: Play died
[2015.03.22-12.40.14:273][270]LogBlueprintUserMessages: Play died
[2015.03.22-12.40.14:289][271]LogBlueprintUserMessages: Play died
[2015.03.22-12.40.14:306][272]LogBlueprintUserMessages: Play died
[2015.03.22-12.40.14:323][273]LogBlueprintUserMessages: Play died
[2015.03.22-12.40.14:339][274]LogBlueprintUserMessages: Play died
[2015.03.22-12.40.14:356][275]LogBlueprintUserMessages: Play died
[2015.03.22-12.40.14:373][276]LogBlueprintUserMessages: Play died
[2015.03.22-12.40.14:389][277]LogBlueprintUserMessages: Play died
[2015.03.22-12.40.14:406][278]LogBlueprintUserMessages: Play died
[2015.03.22-12.40.14:422][279]LogBlueprintUserMessages: Play died
[2015.03.22-12.40.14:439][280]LogBlueprintUserMessages: Play died
[2015.03.22-12.40.14:456][281]LogBlueprintUserMessages: Play died
[2015.03.22-12.40.14:473][282]LogBlueprintUserMessages: Play died
[2015.03.22-12.40.14:473][282]LogBlueprintUserMessages: 1
[2015.03.22-12.40.14:490][283]LogBlueprintUserMessages: Play died
[2015.03.22-12.40.14:506][284]LogBlueprintUserMessages: Play died
[2015.03.22-12.40.14:523][285]LogBlueprintUserMessages: Play died
[2015.03.22-12.40.14:539][286]LogBlueprintUserMessages: Play died
[2015.03.22-12.40.14:556][287]LogBlueprintUserMessages: Play died
[2015.03.22-12.40.14:573][288]LogBlueprintUserMessages: Play died
[2015.03.22-12.40.14:590][289]LogBlueprintUserMessages: Play died
[2015.03.22-12.40.14:606][290]LogBlueprintUserMessages: Play died
[2015.03.22-12.40.14:623][291]LogBlueprintUserMessages: Play died
[2015.03.22-12.40.14:639][292]LogBlueprintUserMessages: Play died
[2015.03.22-12.40.14:656][293]LogBlueprintUserMessages: Play died
[2015.03.22-12.40.14:673][294]LogBlueprintUserMessages: Play died
[2015.03.22-12.40.14:689][295]LogBlueprintUserMessages: Play died
[2015.03.22-12.40.14:780][296]LogParticles: Destroying 0 GPU particle simulations for FXSystem 0x0000000014779EE0
[2015.03.22-12.40.15:681][348]BlueprintLog: New page: Pre-PIE auto-recompile
[2015.03.22-12.40.15:685][348]LogPlayLevel: [PIE] Compiling Bug before PIE...
[2015.03.22-12.40.15:772][348]LogPlayLevel: [PIE] Compiling Bird before PIE...
[2015.03.22-12.40.15:906][348]LogPlayLevel: [PIE] Compiling Levelone before PIE...
[2015.03.22-12.40.15:984][348]LogPlayLevel: [PIE] Compiling HUD before PIE...
[2015.03.22-12.40.16:053][348]LogPlayLevel: [PIE] Compiling Icantspellchamerlan before PIE...
[2015.03.22-12.40.16:379][348]LogPlayLevel: PIE:  Blueprint regeneration took 698 ms (5 blueprints)
[2015.03.22-12.40.16:379][348]PIE: New page: PIE session: Levelone (22 Mar 2015 12:40:16)
[2015.03.22-12.40.16:396][348]LogBlueprint:Warning: FMemberReference::ResolveMember (K2_DestroyActor) bSelfContext == true, but no scope supplied!
[2015.03.22-12.40.16:396][348]LogBlueprint:Warning: FMemberReference::ResolveMember (K2_DestroyActor) bSelfContext == true, but no scope supplied!
[2015.03.22-12.40.16:396][348]LogBlueprint:Warning: FMemberReference::ResolveMember (K2_DestroyActor) bSelfContext == true, but no scope supplied!
[2015.03.22-12.40.16:396][348]LogBlueprint:Warning: FMemberReference::ResolveMember (K2_DestroyActor) bSelfContext == true, but no scope supplied!
[2015.03.22-12.40.16:396][348]LogBlueprint:Warning: FMemberReference::ResolveMember (K2_DestroyActor) bSelfContext == true, but no scope supplied!
[2015.03.22-12.40.16:397][348]LogBlueprint:Warning: FMemberReference::ResolveMember (K2_DestroyActor) bSelfContext == true, but no scope supplied!
[2015.03.22-12.40.16:397][348]LogBlueprint:Warning: FMemberReference::ResolveMember (K2_DestroyActor) bSelfContext == true, but no scope supplied!
[2015.03.22-12.40.16:397][348]LogBlueprint:Warning: FMemberReference::ResolveMember (K2_DestroyActor) bSelfContext == true, but no scope supplied!
[2015.03.22-12.40.16:397][348]LogBlueprint:Warning: FMemberReference::ResolveMember (K2_DestroyActor) bSelfContext == true, but no scope supplied!
[2015.03.22-12.40.16:397][348]LogBlueprint:Warning: FMemberReference::ResolveMember (K2_DestroyActor) bSelfContext == true, but no scope supplied!
[2015.03.22-12.40.16:397][348]LogBlueprint:Warning: FMemberReference::ResolveMember (K2_DestroyActor) bSelfContext == true, but no scope supplied!
[2015.03.22-12.40.16:397][348]LogBlueprint:Warning: FMemberReference::ResolveMember (K2_DestroyActor) bSelfContext == true, but no scope supplied!
[2015.03.22-12.40.16:397][348]LogBlueprint:Warning: FMemberReference::ResolveMember (K2_DestroyActor) bSelfContext == true, but no scope supplied!
[2015.03.22-12.40.16:397][348]LogBlueprint:Warning: FMemberReference::ResolveMember (K2_DestroyActor) bSelfContext == true, but no scope supplied!
[2015.03.22-12.40.16:398][348]LogBlueprint:Warning: FMemberReference::ResolveMember (K2_DestroyActor) bSelfContext == true, but no scope supplied!
[2015.03.22-12.40.16:398][348]LogBlueprint:Warning: FMemberReference::ResolveMember (K2_DestroyActor) bSelfContext == true, but no scope supplied!
[2015.03.22-12.40.16:398][348]LogBlueprint:Warning: FMemberReference::ResolveMember (K2_DestroyActor) bSelfContext == true, but no scope supplied!
[2015.03.22-12.40.16:398][348]LogBlueprint:Warning: FMemberReference::ResolveMember (K2_DestroyActor) bSelfContext == true, but no scope supplied!
[2015.03.22-12.40.16:402][348]LogPlayLevel: PIE: StaticDuplicateObject took: (0.021767s)
[2015.03.22-12.40.16:402][348]LogPlayLevel: PIE: World Init took: (0.000430s)
[2015.03.22-12.40.16:402][348]LogPlayLevel: PIE: Created PIE world by copying editor world from /Game/Maps/Levelone.Levelone to /Game/Maps/UEDPIE_0_Levelone.Levelone (0.022385s)
[2015.03.22-12.40.16:437][348]LogWorld: Game class is 'TwinStickGameMode_C'
[2015.03.22-12.40.16:440][348]LogAIModule: Creating AISystem for world Levelone
[2015.03.22-12.40.16:465][348]LogWorld: Bringing World /Game/Maps/UEDPIE_0_Levelone.Levelone up for play (max tick rate 60) at 2015.03.22-12.40.16
[2015.03.22-12.40.16:470][348]LogWorld: Bringing up level for play took: 0.030090
[2015.03.22-12.40.16:474][348]PIE: Info Play in editor start time for /Game/Maps/UEDPIE_0_Levelone 0.776
[2015.03.22-12.40.16:802][367]LogBlueprintUserMessages: 6
[2015.03.22-12.40.19:086][504]LogBlueprintUserMessages: 1
[2015.03.22-12.40.22:119][686]LogBlueprintUserMessages: 12
[2015.03.22-12.40.24:721][842]LogBlueprintUserMessages: 2
[2015.03.22-12.40.27:720][ 22]LogBlueprintUserMessages: 3
[2015.03.22-12.40.29:570][133]LogBlueprintUserMessages: 19
[2015.03.22-12.40.30:720][202]LogBlueprintUserMessages: 4
[2015.03.22-12.40.31:420][244]LogBlueprintUserMessages: Hello
[2015.03.22-12.40.33:720][382]LogBlueprintUserMessages: 5
[2015.03.22-12.40.35:220][472]LogBlueprintUserMessages: Player found
[2015.03.22-12.40.36:720][562]LogBlueprintUserMessages: 6
[2015.03.22-12.40.39:720][742]LogBlueprintUserMessages: 7
[2015.03.22-12.40.42:721][922]LogBlueprintUserMessages: 8
[2015.03.22-12.40.45:371][ 81]LogBlueprintUserMessages: Player found
[2015.03.22-12.40.45:721][102]LogBlueprintUserMessages: 9
[2015.03.22-12.40.48:720][282]LogBlueprintUserMessages: 10
[2015.03.22-12.40.51:720][462]LogBlueprintUserMessages: 11
[2015.03.22-12.40.54:720][642]LogBlueprintUserMessages: 12
[2015.03.22-12.40.57:720][822]LogBlueprintUserMessages: 13
[2015.03.22-12.41.00:721][  2]LogBlueprintUserMessages: 14
[2015.03.22-12.41.03:838][189]LogBlueprintUserMessages: 15
[2015.03.22-12.41.06:838][369]LogBlueprintUserMessages: 16
[2015.03.22-12.41.09:838][549]LogBlueprintUserMessages: 17
[2015.03.22-12.41.09:871][551]LogBlueprintUserMessages: Player found
[2015.03.22-12.41.11:454][646]LogBlueprintUserMessages: Play died
[2015.03.22-12.41.11:471][647]LogBlueprintUserMessages: Play died
[2015.03.22-12.41.11:487][648]LogBlueprintUserMessages: Play died
[2015.03.22-12.41.11:504][649]LogBlueprintUserMessages: Play died
[2015.03.22-12.41.11:521][650]LogBlueprintUserMessages: Play died
[2015.03.22-12.41.11:537][651]LogBlueprintUserMessages: Play died
[2015.03.22-12.41.11:554][652]LogBlueprintUserMessages: Play died
[2015.03.22-12.41.11:571][653]LogBlueprintUserMessages: Play died
[2015.03.22-12.41.11:587][654]LogBlueprintUserMessages: Play died
[2015.03.22-12.41.11:604][655]LogBlueprintUserMessages: Play died
[2015.03.22-12.41.11:621][656]LogBlueprintUserMessages: Play died
[2015.03.22-12.41.11:637][657]LogBlueprintUserMessages: Play died
[2015.03.22-12.41.11:654][658]LogBlueprintUserMessages: Play died
[2015.03.22-12.41.11:671][659]LogBlueprintUserMessages: Play died
[2015.03.22-12.41.11:687][660]LogBlueprintUserMessages: Play died
[2015.03.22-12.41.11:704][661]LogBlueprintUserMessages: Play died
[2015.03.22-12.41.11:721][662]LogBlueprintUserMessages: Play died
[2015.03.22-12.41.11:737][663]LogBlueprintUserMessages: Play died
[2015.03.22-12.41.11:754][664]LogBlueprintUserMessages: Play died
[2015.03.22-12.41.11:771][665]LogBlueprintUserMessages: Play died
[2015.03.22-12.41.11:787][666]LogBlueprintUserMessages: Play died
[2015.03.22-12.41.11:804][667]LogBlueprintUserMessages: Play died
[2015.03.22-12.41.11:821][668]LogBlueprintUserMessages: Play died
[2015.03.22-12.41.11:837][669]LogBlueprintUserMessages: Play died
[2015.03.22-12.41.11:854][670]LogBlueprintUserMessages: Play died
[2015.03.22-12.41.11:871][671]LogBlueprintUserMessages: Play died
[2015.03.22-12.41.11:888][672]LogBlueprintUserMessages: Play died
[2015.03.22-12.41.11:904][673]LogBlueprintUserMessages: Play died
[2015.03.22-12.41.11:921][674]LogBlueprintUserMessages: Play died
[2015.03.22-12.41.11:939][675]LogBlueprintUserMessages: Play died
[2015.03.22-12.41.11:954][676]LogBlueprintUserMessages: Play died
[2015.03.22-12.41.11:971][677]LogBlueprintUserMessages: Play died
[2015.03.22-12.41.11:987][678]LogBlueprintUserMessages: Play died
[2015.03.22-12.41.12:004][679]LogBlueprintUserMessages: Play died
[2015.03.22-12.41.12:021][680]LogBlueprintUserMessages: Play died
[2015.03.22-12.41.12:038][681]LogBlueprintUserMessages: Play died
[2015.03.22-12.41.12:054][682]LogBlueprintUserMessages: Play died
[2015.03.22-12.41.12:071][683]LogBlueprintUserMessages: Play died
[2015.03.22-12.41.12:087][684]LogBlueprintUserMessages: Play died
[2015.03.22-12.41.12:104][685]LogBlueprintUserMessages: Play died
[2015.03.22-12.41.12:121][686]LogBlueprintUserMessages: Play died
[2015.03.22-12.41.12:137][687]LogBlueprintUserMessages: Play died
[2015.03.22-12.41.12:154][688]LogBlueprintUserMessages: Play died
[2015.03.22-12.41.12:171][689]LogBlueprintUserMessages: Play died
[2015.03.22-12.41.12:188][690]LogBlueprintUserMessages: Play died
[2015.03.22-12.41.12:204][691]LogBlueprintUserMessages: Play died
[2015.03.22-12.41.12:221][692]LogBlueprintUserMessages: Play died
[2015.03.22-12.41.12:238][693]LogBlueprintUserMessages: Play died
[2015.03.22-12.41.12:254][694]LogBlueprintUserMessages: Play died
[2015.03.22-12.41.12:271][695]LogBlueprintUserMessages: Play died
[2015.03.22-12.41.12:288][696]LogBlueprintUserMessages: Play died
[2015.03.22-12.41.12:304][697]LogBlueprintUserMessages: Play died
[2015.03.22-12.41.12:321][698]LogBlueprintUserMessages: Play died
[2015.03.22-12.41.12:338][699]LogBlueprintUserMessages: Play died
[2015.03.22-12.41.12:354][700]LogBlueprintUserMessages: Play died
[2015.03.22-12.41.12:371][701]Log